This is pdfTeX, Version 3.141592653-2.6-1.40.25 (MiKTeX 24.1) (preloaded format=pdflatex 2025.5.30)  1 JUN 2025 17:52
entering extended mode
 restricted \write18 enabled.
 %&-line parsing enabled.
**./Presentacion_Capitulo_3.tex
(Presentacion_Capitulo_3.tex
LaTeX2e <2023-11-01> patch level 1
L3 programming layer <2024-01-04>
(C:\Program Files\MiKTeX\tex/latex/beamer\beamer.cls
Document Class: beamer 2025/02/04 v3.72 A class for typesetting presentations
(C:\Program Files\MiKTeX\tex/latex/beamer\beamerbasemodes.sty
(C:\Program Files\MiKTeX\tex/latex/etoolbox\etoolbox.sty
Package: etoolbox 2020/10/05 v2.5k e-TeX tools for LaTeX (JAW)
\etb@tempcnta=\count187
)
\beamer@tempbox=\box51
\beamer@tempcount=\count188
\c@beamerpauses=\count189

(C:\Program Files\MiKTeX\tex/latex/beamer\beamerbasedecode.sty
\beamer@slideinframe=\count190
\beamer@minimum=\count191
\beamer@decode@box=\box52
)
\beamer@commentbox=\box53
\beamer@modecount=\count192
)
(C:\Program Files\MiKTeX\tex/generic/iftex\iftex.sty
Package: iftex 2022/02/03 v1.0f TeX engine tests
)
\headdp=\dimen140
\footheight=\dimen141
\sidebarheight=\dimen142
\beamer@tempdim=\dimen143
\beamer@finalheight=\dimen144
\beamer@animht=\dimen145
\beamer@animdp=\dimen146
\beamer@animwd=\dimen147
\beamer@leftmargin=\dimen148
\beamer@rightmargin=\dimen149
\beamer@leftsidebar=\dimen150
\beamer@rightsidebar=\dimen151
\beamer@boxsize=\dimen152
\beamer@vboxoffset=\dimen153
\beamer@descdefault=\dimen154
\beamer@descriptionwidth=\dimen155
\beamer@lastskip=\skip48
\beamer@areabox=\box54
\beamer@animcurrent=\box55
\beamer@animshowbox=\box56
\beamer@sectionbox=\box57
\beamer@logobox=\box58
\beamer@linebox=\box59
\beamer@sectioncount=\count193
\beamer@subsubsectionmax=\count194
\beamer@subsectionmax=\count195
\beamer@sectionmax=\count196
\beamer@totalheads=\count197
\beamer@headcounter=\count198
\beamer@partstartpage=\count199
\beamer@sectionstartpage=\count266
\beamer@subsectionstartpage=\count267
\beamer@animationtempa=\count268
\beamer@animationtempb=\count269
\beamer@xpos=\count270
\beamer@ypos=\count271
\beamer@ypos@offset=\count272
\beamer@showpartnumber=\count273
\beamer@currentsubsection=\count274
\beamer@coveringdepth=\count275
\beamer@sectionadjust=\count276
\beamer@toclastsection=\count277
\beamer@tocsectionnumber=\count278

(C:\Program Files\MiKTeX\tex/latex/beamer\beamerbaseoptions.sty
(C:\Program Files\MiKTeX\tex/latex/graphics\keyval.sty
Package: keyval 2022/05/29 v1.15 key=value parser (DPC)
\KV@toks@=\toks17
))
\beamer@paperwidth=\skip49
\beamer@paperheight=\skip50

(C:\Program Files\MiKTeX\tex/latex/geometry\geometry.sty
Package: geometry 2020/01/02 v5.9 Page Geometry

(C:\Program Files\MiKTeX\tex/generic/iftex\ifvtex.sty
Package: ifvtex 2019/10/25 v1.7 ifvtex legacy package. Use iftex instead.
)
\Gm@cnth=\count279
\Gm@cntv=\count280
\c@Gm@tempcnt=\count281
\Gm@bindingoffset=\dimen156
\Gm@wd@mp=\dimen157
\Gm@odd@mp=\dimen158
\Gm@even@mp=\dimen159
\Gm@layoutwidth=\dimen160
\Gm@layoutheight=\dimen161
\Gm@layouthoffset=\dimen162
\Gm@layoutvoffset=\dimen163
\Gm@dimlist=\toks18

(C:\Program Files\MiKTeX\tex/latex/geometry\geometry.cfg))
(C:\Program Files\MiKTeX\tex/latex/pgf/math\pgfmath.sty
(C:\Program Files\MiKTeX\tex/latex/pgf/utilities\pgfrcs.sty
(C:\Program Files\MiKTeX\tex/generic/pgf/utilities\pgfutil-common.tex
\pgfutil@everybye=\toks19
\pgfutil@tempdima=\dimen164
\pgfutil@tempdimb=\dimen165
)
(C:\Program Files\MiKTeX\tex/generic/pgf/utilities\pgfutil-latex.def
\pgfutil@abb=\box60
)
(C:\Program Files\MiKTeX\tex/generic/pgf/utilities\pgfrcs.code.tex
(C:\Program Files\MiKTeX\tex/generic/pgf\pgf.revision.tex)
Package: pgfrcs 2023-01-15 v3.1.10 (3.1.10)
))
(C:\Program Files\MiKTeX\tex/latex/pgf/utilities\pgfkeys.sty
(C:\Program Files\MiKTeX\tex/generic/pgf/utilities\pgfkeys.code.tex
\pgfkeys@pathtoks=\toks20
\pgfkeys@temptoks=\toks21

(C:\Program Files\MiKTeX\tex/generic/pgf/utilities\pgfkeyslibraryfiltered.code.
tex
\pgfkeys@tmptoks=\toks22
))) (C:\Program Files\MiKTeX\tex/generic/pgf/math\pgfmath.code.tex
(C:\Program Files\MiKTeX\tex/generic/pgf/math\pgfmathutil.code.tex
\pgf@x=\dimen166
\pgf@xa=\dimen167
\pgf@xb=\dimen168
\pgf@xc=\dimen169
\pgf@y=\dimen170
\pgf@ya=\dimen171
\pgf@yb=\dimen172
\pgf@yc=\dimen173
\c@pgf@counta=\count282
\c@pgf@countb=\count283
\c@pgf@countc=\count284
\c@pgf@countd=\count285
)
(C:\Program Files\MiKTeX\tex/generic/pgf/math\pgfmathparser.code.tex
\pgfmath@dimen=\dimen174
\pgfmath@count=\count286
\pgfmath@box=\box61
\pgfmath@toks=\toks23
\pgfmath@stack@operand=\toks24
\pgfmath@stack@operation=\toks25
)
(C:\Program Files\MiKTeX\tex/generic/pgf/math\pgfmathfunctions.code.tex)
(C:\Program Files\MiKTeX\tex/generic/pgf/math\pgfmathfunctions.basic.code.tex)
(C:\Program Files\MiKTeX\tex/generic/pgf/math\pgfmathfunctions.trigonometric.co
de.tex)
(C:\Program Files\MiKTeX\tex/generic/pgf/math\pgfmathfunctions.random.code.tex)

(C:\Program Files\MiKTeX\tex/generic/pgf/math\pgfmathfunctions.comparison.code.
tex)
(C:\Program Files\MiKTeX\tex/generic/pgf/math\pgfmathfunctions.base.code.tex)
(C:\Program Files\MiKTeX\tex/generic/pgf/math\pgfmathfunctions.round.code.tex)
(C:\Program Files\MiKTeX\tex/generic/pgf/math\pgfmathfunctions.misc.code.tex)
(C:\Program Files\MiKTeX\tex/generic/pgf/math\pgfmathfunctions.integerarithmeti
cs.code.tex) (C:\Program Files\MiKTeX\tex/generic/pgf/math\pgfmathcalc.code.tex
) (C:\Program Files\MiKTeX\tex/generic/pgf/math\pgfmathfloat.code.tex
\c@pgfmathroundto@lastzeros=\count287
)))
(C:\Program Files\MiKTeX\tex/latex/base\size11.clo
File: size11.clo 2023/05/17 v1.4n Standard LaTeX file (size option)
)
(C:\Program Files\MiKTeX\tex/latex/pgf/basiclayer\pgfcore.sty
(C:\Program Files\MiKTeX\tex/latex/graphics\graphicx.sty
Package: graphicx 2021/09/16 v1.2d Enhanced LaTeX Graphics (DPC,SPQR)

(C:\Program Files\MiKTeX\tex/latex/graphics\graphics.sty
Package: graphics 2022/03/10 v1.4e Standard LaTeX Graphics (DPC,SPQR)

(C:\Program Files\MiKTeX\tex/latex/graphics\trig.sty
Package: trig 2021/08/11 v1.11 sin cos tan (DPC)
)
(C:\Program Files\MiKTeX\tex/latex/graphics-cfg\graphics.cfg
File: graphics.cfg 2016/06/04 v1.11 sample graphics configuration
)
Package graphics Info: Driver file: pdftex.def on input line 107.

(C:\Program Files\MiKTeX\tex/latex/graphics-def\pdftex.def
File: pdftex.def 2022/09/22 v1.2b Graphics/color driver for pdftex
))
\Gin@req@height=\dimen175
\Gin@req@width=\dimen176
)
(C:\Program Files\MiKTeX\tex/latex/pgf/systemlayer\pgfsys.sty
(C:\Program Files\MiKTeX\tex/generic/pgf/systemlayer\pgfsys.code.tex
Package: pgfsys 2023-01-15 v3.1.10 (3.1.10)
\pgf@x=\dimen177
\pgf@y=\dimen178
\pgf@xa=\dimen179
\pgf@ya=\dimen180
\pgf@xb=\dimen181
\pgf@yb=\dimen182
\pgf@xc=\dimen183
\pgf@yc=\dimen184
\pgf@xd=\dimen185
\pgf@yd=\dimen186
\w@pgf@writea=\write3
\r@pgf@reada=\read2
\c@pgf@counta=\count288
\c@pgf@countb=\count289
\c@pgf@countc=\count290
\c@pgf@countd=\count291
\t@pgf@toka=\toks26
\t@pgf@tokb=\toks27
\t@pgf@tokc=\toks28
\pgf@sys@id@count=\count292

(C:\Program Files\MiKTeX\tex/generic/pgf/systemlayer\pgf.cfg
File: pgf.cfg 2023-01-15 v3.1.10 (3.1.10)
)
Driver file for pgf: pgfsys-pdftex.def

(C:\Program Files\MiKTeX\tex/generic/pgf/systemlayer\pgfsys-pdftex.def
File: pgfsys-pdftex.def 2023-01-15 v3.1.10 (3.1.10)

(C:\Program Files\MiKTeX\tex/generic/pgf/systemlayer\pgfsys-common-pdf.def
File: pgfsys-common-pdf.def 2023-01-15 v3.1.10 (3.1.10)
)))
(C:\Program Files\MiKTeX\tex/generic/pgf/systemlayer\pgfsyssoftpath.code.tex
File: pgfsyssoftpath.code.tex 2023-01-15 v3.1.10 (3.1.10)
\pgfsyssoftpath@smallbuffer@items=\count293
\pgfsyssoftpath@bigbuffer@items=\count294
)
(C:\Program Files\MiKTeX\tex/generic/pgf/systemlayer\pgfsysprotocol.code.tex
File: pgfsysprotocol.code.tex 2023-01-15 v3.1.10 (3.1.10)
))
(C:\Program Files\MiKTeX\tex/latex/xcolor\xcolor.sty
Package: xcolor 2023/11/15 v3.01 LaTeX color extensions (UK)

(C:\Program Files\MiKTeX\tex/latex/graphics-cfg\color.cfg
File: color.cfg 2016/01/02 v1.6 sample color configuration
)
Package xcolor Info: Driver file: pdftex.def on input line 274.

(C:\Program Files\MiKTeX\tex/latex/graphics\mathcolor.ltx)
Package xcolor Info: Model `cmy' substituted by `cmy0' on input line 1350.
Package xcolor Info: Model `hsb' substituted by `rgb' on input line 1354.
Package xcolor Info: Model `RGB' extended on input line 1366.
Package xcolor Info: Model `HTML' substituted by `rgb' on input line 1368.
Package xcolor Info: Model `Hsb' substituted by `hsb' on input line 1369.
Package xcolor Info: Model `tHsb' substituted by `hsb' on input line 1370.
Package xcolor Info: Model `HSB' substituted by `hsb' on input line 1371.
Package xcolor Info: Model `Gray' substituted by `gray' on input line 1372.
Package xcolor Info: Model `wave' substituted by `hsb' on input line 1373.
)
(C:\Program Files\MiKTeX\tex/generic/pgf/basiclayer\pgfcore.code.tex
Package: pgfcore 2023-01-15 v3.1.10 (3.1.10)

(C:\Program Files\MiKTeX\tex/generic/pgf/math\pgfint.code.tex)
(C:\Program Files\MiKTeX\tex/generic/pgf/basiclayer\pgfcorepoints.code.tex
File: pgfcorepoints.code.tex 2023-01-15 v3.1.10 (3.1.10)
\pgf@picminx=\dimen187
\pgf@picmaxx=\dimen188
\pgf@picminy=\dimen189
\pgf@picmaxy=\dimen190
\pgf@pathminx=\dimen191
\pgf@pathmaxx=\dimen192
\pgf@pathminy=\dimen193
\pgf@pathmaxy=\dimen194
\pgf@xx=\dimen195
\pgf@xy=\dimen196
\pgf@yx=\dimen197
\pgf@yy=\dimen198
\pgf@zx=\dimen199
\pgf@zy=\dimen256
)
(C:\Program Files\MiKTeX\tex/generic/pgf/basiclayer\pgfcorepathconstruct.code.t
ex
File: pgfcorepathconstruct.code.tex 2023-01-15 v3.1.10 (3.1.10)
\pgf@path@lastx=\dimen257
\pgf@path@lasty=\dimen258
)
(C:\Program Files\MiKTeX\tex/generic/pgf/basiclayer\pgfcorepathusage.code.tex
File: pgfcorepathusage.code.tex 2023-01-15 v3.1.10 (3.1.10)
\pgf@shorten@end@additional=\dimen259
\pgf@shorten@start@additional=\dimen260
)
(C:\Program Files\MiKTeX\tex/generic/pgf/basiclayer\pgfcorescopes.code.tex
File: pgfcorescopes.code.tex 2023-01-15 v3.1.10 (3.1.10)
\pgfpic=\box62
\pgf@hbox=\box63
\pgf@layerbox@main=\box64
\pgf@picture@serial@count=\count295
)
(C:\Program Files\MiKTeX\tex/generic/pgf/basiclayer\pgfcoregraphicstate.code.te
x
File: pgfcoregraphicstate.code.tex 2023-01-15 v3.1.10 (3.1.10)
\pgflinewidth=\dimen261
)
(C:\Program Files\MiKTeX\tex/generic/pgf/basiclayer\pgfcoretransformations.code
.tex
File: pgfcoretransformations.code.tex 2023-01-15 v3.1.10 (3.1.10)
\pgf@pt@x=\dimen262
\pgf@pt@y=\dimen263
\pgf@pt@temp=\dimen264
) (C:\Program Files\MiKTeX\tex/generic/pgf/basiclayer\pgfcorequick.code.tex
File: pgfcorequick.code.tex 2023-01-15 v3.1.10 (3.1.10)
) (C:\Program Files\MiKTeX\tex/generic/pgf/basiclayer\pgfcoreobjects.code.tex
File: pgfcoreobjects.code.tex 2023-01-15 v3.1.10 (3.1.10)
)
(C:\Program Files\MiKTeX\tex/generic/pgf/basiclayer\pgfcorepathprocessing.code.
tex
File: pgfcorepathprocessing.code.tex 2023-01-15 v3.1.10 (3.1.10)
) (C:\Program Files\MiKTeX\tex/generic/pgf/basiclayer\pgfcorearrows.code.tex
File: pgfcorearrows.code.tex 2023-01-15 v3.1.10 (3.1.10)
\pgfarrowsep=\dimen265
) (C:\Program Files\MiKTeX\tex/generic/pgf/basiclayer\pgfcoreshade.code.tex
File: pgfcoreshade.code.tex 2023-01-15 v3.1.10 (3.1.10)
\pgf@max=\dimen266
\pgf@sys@shading@range@num=\count296
\pgf@shadingcount=\count297
)
(C:\Program Files\MiKTeX\tex/generic/pgf/basiclayer\pgfcoreimage.code.tex
File: pgfcoreimage.code.tex 2023-01-15 v3.1.10 (3.1.10)
)
(C:\Program Files\MiKTeX\tex/generic/pgf/basiclayer\pgfcoreexternal.code.tex
File: pgfcoreexternal.code.tex 2023-01-15 v3.1.10 (3.1.10)
\pgfexternal@startupbox=\box65
)
(C:\Program Files\MiKTeX\tex/generic/pgf/basiclayer\pgfcorelayers.code.tex
File: pgfcorelayers.code.tex 2023-01-15 v3.1.10 (3.1.10)
)
(C:\Program Files\MiKTeX\tex/generic/pgf/basiclayer\pgfcoretransparency.code.te
x
File: pgfcoretransparency.code.tex 2023-01-15 v3.1.10 (3.1.10)
) (C:\Program Files\MiKTeX\tex/generic/pgf/basiclayer\pgfcorepatterns.code.tex
File: pgfcorepatterns.code.tex 2023-01-15 v3.1.10 (3.1.10)
) (C:\Program Files\MiKTeX\tex/generic/pgf/basiclayer\pgfcorerdf.code.tex
File: pgfcorerdf.code.tex 2023-01-15 v3.1.10 (3.1.10)
)))
(C:\Program Files\MiKTeX\tex/latex/pgf/utilities\xxcolor.sty
Package: xxcolor 2003/10/24 ver 0.1
\XC@nummixins=\count298
\XC@countmixins=\count299
)
(C:\Program Files\MiKTeX\tex/latex/base\atbegshi-ltx.sty
Package: atbegshi-ltx 2021/01/10 v1.0c Emulation of the original atbegshi
package with kernel methods
)
(C:\Program Files\MiKTeX\tex/latex/hyperref\hyperref.sty
Package: hyperref 2023-11-26 v7.01g Hypertext links for LaTeX

(C:\Program Files\MiKTeX\tex/generic/infwarerr\infwarerr.sty
Package: infwarerr 2019/12/03 v1.5 Providing info/warning/error messages (HO)
)
(C:\Program Files\MiKTeX\tex/latex/kvsetkeys\kvsetkeys.sty
Package: kvsetkeys 2022-10-05 v1.19 Key value parser (HO)
)
(C:\Program Files\MiKTeX\tex/generic/kvdefinekeys\kvdefinekeys.sty
Package: kvdefinekeys 2019-12-19 v1.6 Define keys (HO)
)
(C:\Program Files\MiKTeX\tex/generic/pdfescape\pdfescape.sty
Package: pdfescape 2019/12/09 v1.15 Implements pdfTeX's escape features (HO)

(C:\Program Files\MiKTeX\tex/generic/ltxcmds\ltxcmds.sty
Package: ltxcmds 2023-12-04 v1.26 LaTeX kernel commands for general use (HO)
)
(C:\Program Files\MiKTeX\tex/generic/pdftexcmds\pdftexcmds.sty
Package: pdftexcmds 2020-06-27 v0.33 Utility functions of pdfTeX for LuaTeX (HO
)
Package pdftexcmds Info: \pdf@primitive is available.
Package pdftexcmds Info: \pdf@ifprimitive is available.
Package pdftexcmds Info: \pdfdraftmode found.
))
(C:\Program Files\MiKTeX\tex/latex/hycolor\hycolor.sty
Package: hycolor 2020-01-27 v1.10 Color options for hyperref/bookmark (HO)
)
(C:\Program Files\MiKTeX\tex/latex/letltxmacro\letltxmacro.sty
Package: letltxmacro 2019/12/03 v1.6 Let assignment for LaTeX macros (HO)
)
(C:\Program Files\MiKTeX\tex/latex/auxhook\auxhook.sty
Package: auxhook 2019-12-17 v1.6 Hooks for auxiliary files (HO)
)
(C:\Program Files\MiKTeX\tex/latex/hyperref\nameref.sty
Package: nameref 2023-11-26 v2.56 Cross-referencing by name of section

(C:\Program Files\MiKTeX\tex/latex/refcount\refcount.sty
Package: refcount 2019/12/15 v3.6 Data extraction from label references (HO)
)
(C:\Program Files\MiKTeX\tex/generic/gettitlestring\gettitlestring.sty
Package: gettitlestring 2019/12/15 v1.6 Cleanup title references (HO)

(C:\Program Files\MiKTeX\tex/latex/kvoptions\kvoptions.sty
Package: kvoptions 2022-06-15 v3.15 Key value format for package options (HO)
))
\c@section@level=\count300
)
\@linkdim=\dimen267
\Hy@linkcounter=\count301
\Hy@pagecounter=\count302

(C:\Program Files\MiKTeX\tex/latex/hyperref\pd1enc.def
File: pd1enc.def 2023-11-26 v7.01g Hyperref: PDFDocEncoding definition (HO)
Now handling font encoding PD1 ...
... no UTF-8 mapping file for font encoding PD1
)
(C:\Program Files\MiKTeX\tex/generic/intcalc\intcalc.sty
Package: intcalc 2019/12/15 v1.3 Expandable calculations with integers (HO)
)
\Hy@SavedSpaceFactor=\count303

(C:\Program Files\MiKTeX\tex/latex/hyperref\puenc.def
File: puenc.def 2023-11-26 v7.01g Hyperref: PDF Unicode definition (HO)
Now handling font encoding PU ...
... no UTF-8 mapping file for font encoding PU
)
Package hyperref Info: Option `bookmarks' set `true' on input line 4064.
Package hyperref Info: Option `bookmarksopen' set `true' on input line 4064.
Package hyperref Info: Option `implicit' set `false' on input line 4064.
Package hyperref Info: Hyper figures OFF on input line 4181.
Package hyperref Info: Link nesting OFF on input line 4186.
Package hyperref Info: Hyper index ON on input line 4189.
Package hyperref Info: Plain pages OFF on input line 4196.
Package hyperref Info: Backreferencing OFF on input line 4201.
Package hyperref Info: Implicit mode OFF; no redefinition of LaTeX internals.
Package hyperref Info: Bookmarks ON on input line 4448.
\c@Hy@tempcnt=\count304

(C:\Program Files\MiKTeX\tex/latex/url\url.sty
\Urlmuskip=\muskip16
Package: url 2013/09/16  ver 3.4  Verb mode for urls, etc.
)
LaTeX Info: Redefining \url on input line 4786.
\XeTeXLinkMargin=\dimen268

(C:\Program Files\MiKTeX\tex/generic/bitset\bitset.sty
Package: bitset 2019/12/09 v1.3 Handle bit-vector datatype (HO)

(C:\Program Files\MiKTeX\tex/generic/bigintcalc\bigintcalc.sty
Package: bigintcalc 2019/12/15 v1.5 Expandable calculations on big integers (HO
)
))
\Fld@menulength=\count305
\Field@Width=\dimen269
\Fld@charsize=\dimen270
Package hyperref Info: Hyper figures OFF on input line 6065.
Package hyperref Info: Link nesting OFF on input line 6070.
Package hyperref Info: Hyper index ON on input line 6073.
Package hyperref Info: backreferencing OFF on input line 6080.
Package hyperref Info: Link coloring OFF on input line 6085.
Package hyperref Info: Link coloring with OCG OFF on input line 6090.
Package hyperref Info: PDF/A mode OFF on input line 6095.
\Hy@abspage=\count306


Package hyperref Message: Stopped early.

)
Package hyperref Info: Driver (autodetected): hpdftex.
 (C:\Program Files\MiKTeX\tex/latex/hyperref\hpdftex.def
File: hpdftex.def 2023-11-26 v7.01g Hyperref driver for pdfTeX

(C:\Program Files\MiKTeX\tex/latex/base\atveryend-ltx.sty
Package: atveryend-ltx 2020/08/19 v1.0a Emulation of the original atveryend pac
kage
with kernel methods
)
\Fld@listcount=\count307
\c@bookmark@seq@number=\count308

(C:\Program Files\MiKTeX\tex/latex/rerunfilecheck\rerunfilecheck.sty
Package: rerunfilecheck 2022-07-10 v1.10 Rerun checks for auxiliary files (HO)

(C:\Program Files\MiKTeX\tex/generic/uniquecounter\uniquecounter.sty
Package: uniquecounter 2019/12/15 v1.4 Provide unlimited unique counter (HO)
)
Package uniquecounter Info: New unique counter `rerunfilecheck' on input line 2
85.
))
(C:\Program Files\MiKTeX\tex/latex/beamer\beamerbaserequires.sty
(C:\Program Files\MiKTeX\tex/latex/beamer\beamerbasecompatibility.sty)
(C:\Program Files\MiKTeX\tex/latex/beamer\beamerbasefont.sty
(C:\Program Files\MiKTeX\tex/latex/amsfonts\amssymb.sty
Package: amssymb 2013/01/14 v3.01 AMS font symbols

(C:\Program Files\MiKTeX\tex/latex/amsfonts\amsfonts.sty
Package: amsfonts 2013/01/14 v3.01 Basic AMSFonts support
\@emptytoks=\toks29
\symAMSa=\mathgroup4
\symAMSb=\mathgroup5
LaTeX Font Info:    Redeclaring math symbol \hbar on input line 98.
LaTeX Font Info:    Overwriting math alphabet `\mathfrak' in version `bold'
(Font)                  U/euf/m/n --> U/euf/b/n on input line 106.
))
(C:\Program Files\MiKTeX\tex/latex/sansmathaccent\sansmathaccent.sty
Package: sansmathaccent 2020/01/31

(C:\Program Files\MiKTeX\tex/latex/koma-script\scrlfile.sty
Package: scrlfile 2024/10/24 v3.43 KOMA-Script package (file load hooks)

(C:\Program Files\MiKTeX\tex/latex/koma-script\scrlfile-hook.sty
Package: scrlfile-hook 2024/10/24 v3.43 KOMA-Script package (using LaTeX hooks)


(C:\Program Files\MiKTeX\tex/latex/koma-script\scrlogo.sty
Package: scrlogo 2024/10/24 v3.43 KOMA-Script package (logo)
)))))
(C:\Program Files\MiKTeX\tex/latex/beamer\beamerbasetranslator.sty
(C:\Program Files\MiKTeX\tex/latex/translator\translator.sty
Package: translator 2021-05-31 v1.12d Easy translation of strings in LaTeX
))
(C:\Program Files\MiKTeX\tex/latex/beamer\beamerbasemisc.sty)
(C:\Program Files\MiKTeX\tex/latex/beamer\beamerbasetwoscreens.sty)
(C:\Program Files\MiKTeX\tex/latex/beamer\beamerbaseoverlay.sty
\beamer@argscount=\count309
\beamer@lastskipcover=\skip51
\beamer@trivlistdepth=\count310
)
(C:\Program Files\MiKTeX\tex/latex/beamer\beamerbasetitle.sty)
(C:\Program Files\MiKTeX\tex/latex/beamer\beamerbasesection.sty
\c@lecture=\count311
\c@part=\count312
\c@section=\count313
\c@subsection=\count314
\c@subsubsection=\count315
)
(C:\Program Files\MiKTeX\tex/latex/beamer\beamerbaseframe.sty
\beamer@framebox=\box66
\beamer@frametitlebox=\box67
\beamer@zoombox=\box68
\beamer@zoomcount=\count316
\beamer@zoomframecount=\count317
\beamer@frametextheight=\dimen271
\c@subsectionslide=\count318
\beamer@frametopskip=\skip52
\beamer@framebottomskip=\skip53
\beamer@frametopskipautobreak=\skip54
\beamer@framebottomskipautobreak=\skip55
\beamer@envbody=\toks30
\framewidth=\dimen272
\c@framenumber=\count319
)
(C:\Program Files\MiKTeX\tex/latex/beamer\beamerbaseverbatim.sty
\beamer@verbatimfileout=\write4
)
(C:\Program Files\MiKTeX\tex/latex/beamer\beamerbaseframesize.sty
\beamer@splitbox=\box69
\beamer@autobreakcount=\count320
\beamer@autobreaklastheight=\dimen273
\beamer@frametitletoks=\toks31
\beamer@framesubtitletoks=\toks32
)
(C:\Program Files\MiKTeX\tex/latex/beamer\beamerbaseframecomponents.sty
\beamer@footins=\box70
)
(C:\Program Files\MiKTeX\tex/latex/beamer\beamerbasecolor.sty)
(C:\Program Files\MiKTeX\tex/latex/beamer\beamerbasenotes.sty
\beamer@frameboxcopy=\box71
)
(C:\Program Files\MiKTeX\tex/latex/beamer\beamerbasetoc.sty)
(C:\Program Files\MiKTeX\tex/latex/beamer\beamerbasetemplates.sty
\beamer@sbttoks=\toks33

(C:\Program Files\MiKTeX\tex/latex/beamer\beamerbaseauxtemplates.sty
(C:\Program Files\MiKTeX\tex/latex/beamer\beamerbaseboxes.sty
\bmb@box=\box72
\bmb@colorbox=\box73
\bmb@boxwidth=\dimen274
\bmb@boxheight=\dimen275
\bmb@prevheight=\dimen276
\bmb@temp=\dimen277
\bmb@dima=\dimen278
\bmb@dimb=\dimen279
\bmb@prevheight=\dimen280
)
\beamer@blockheadheight=\dimen281
))
(C:\Program Files\MiKTeX\tex/latex/beamer\beamerbaselocalstructure.sty
(C:\Program Files\MiKTeX\tex/latex/tools\enumerate.sty
Package: enumerate 2023/07/04 v3.00 enumerate extensions (DPC)
\@enLab=\toks34
)
\beamer@bibiconwidth=\skip56
\c@figure=\count321
\c@table=\count322
\abovecaptionskip=\skip57
\belowcaptionskip=\skip58
)
(C:\Program Files\MiKTeX\tex/latex/beamer\beamerbasenavigation.sty
(C:\Program Files\MiKTeX\tex/latex/beamer\beamerbasenavigationsymbols.tex)
\beamer@section@min@dim=\dimen282
)
(C:\Program Files\MiKTeX\tex/latex/beamer\beamerbasetheorems.sty
(C:\Program Files\MiKTeX\tex/latex/amsmath\amsmath.sty
Package: amsmath 2023/05/13 v2.17o AMS math features
\@mathmargin=\skip59

For additional information on amsmath, use the `?' option.
(C:\Program Files\MiKTeX\tex/latex/amsmath\amstext.sty
Package: amstext 2021/08/26 v2.01 AMS text

(C:\Program Files\MiKTeX\tex/latex/amsmath\amsgen.sty
File: amsgen.sty 1999/11/30 v2.0 generic functions
\@emptytoks=\toks35
\ex@=\dimen283
))
(C:\Program Files\MiKTeX\tex/latex/amsmath\amsbsy.sty
Package: amsbsy 1999/11/29 v1.2d Bold Symbols
\pmbraise@=\dimen284
)
(C:\Program Files\MiKTeX\tex/latex/amsmath\amsopn.sty
Package: amsopn 2022/04/08 v2.04 operator names
)
\inf@bad=\count323
LaTeX Info: Redefining \frac on input line 234.
\uproot@=\count324
\leftroot@=\count325
LaTeX Info: Redefining \overline on input line 399.
LaTeX Info: Redefining \colon on input line 410.
\classnum@=\count326
\DOTSCASE@=\count327
LaTeX Info: Redefining \ldots on input line 496.
LaTeX Info: Redefining \dots on input line 499.
LaTeX Info: Redefining \cdots on input line 620.
\Mathstrutbox@=\box74
\strutbox@=\box75
LaTeX Info: Redefining \big on input line 722.
LaTeX Info: Redefining \Big on input line 723.
LaTeX Info: Redefining \bigg on input line 724.
LaTeX Info: Redefining \Bigg on input line 725.
\big@size=\dimen285
LaTeX Font Info:    Redeclaring font encoding OML on input line 743.
LaTeX Font Info:    Redeclaring font encoding OMS on input line 744.
\macc@depth=\count328
LaTeX Info: Redefining \bmod on input line 905.
LaTeX Info: Redefining \pmod on input line 910.
LaTeX Info: Redefining \smash on input line 940.
LaTeX Info: Redefining \relbar on input line 970.
LaTeX Info: Redefining \Relbar on input line 971.
\c@MaxMatrixCols=\count329
\dotsspace@=\muskip17
\c@parentequation=\count330
\dspbrk@lvl=\count331
\tag@help=\toks36
\row@=\count332
\column@=\count333
\maxfields@=\count334
\andhelp@=\toks37
\eqnshift@=\dimen286
\alignsep@=\dimen287
\tagshift@=\dimen288
\tagwidth@=\dimen289
\totwidth@=\dimen290
\lineht@=\dimen291
\@envbody=\toks38
\multlinegap=\skip60
\multlinetaggap=\skip61
\mathdisplay@stack=\toks39
LaTeX Info: Redefining \[ on input line 2953.
LaTeX Info: Redefining \] on input line 2954.
)
(C:\Program Files\MiKTeX\tex/latex/amscls\amsthm.sty
Package: amsthm 2020/05/29 v2.20.6
\thm@style=\toks40
\thm@bodyfont=\toks41
\thm@headfont=\toks42
\thm@notefont=\toks43
\thm@headpunct=\toks44
\thm@preskip=\skip62
\thm@postskip=\skip63
\thm@headsep=\skip64
\dth@everypar=\toks45
)
\c@theorem=\count335
)
(C:\Program Files\MiKTeX\tex/latex/beamer\beamerbasethemes.sty))
(C:\Program Files\MiKTeX\tex/latex/beamer\beamerthemedefault.sty
(C:\Program Files\MiKTeX\tex/latex/beamer\beamerfontthemedefault.sty)
(C:\Program Files\MiKTeX\tex/latex/beamer\beamercolorthemedefault.sty)
(C:\Program Files\MiKTeX\tex/latex/beamer\beamerinnerthemedefault.sty
\beamer@dima=\dimen292
\beamer@dimb=\dimen293
)
(C:\Program Files\MiKTeX\tex/latex/beamer\beamerouterthemedefault.sty)))
(C:\Program Files\MiKTeX\tex/latex/beamer\beamerthemeMadrid.sty
(C:\Program Files\MiKTeX\tex/latex/beamer\beamercolorthemewhale.sty)
(C:\Program Files\MiKTeX\tex/latex/beamer\beamercolorthemeorchid.sty)
(C:\Program Files\MiKTeX\tex/latex/beamer\beamerinnerthemerounded.sty)
(C:\Program Files\MiKTeX\tex/latex/beamer\beamerouterthemeinfolines.sty))
(C:\Program Files\MiKTeX\tex/latex/beamer\beamerfontthemeprofessionalfonts.sty)
(C:\Program Files\MiKTeX\tex/latex/base\inputenc.sty
Package: inputenc 2021/02/14 v1.3d Input encoding file
\inpenc@prehook=\toks46
\inpenc@posthook=\toks47
)
(C:\Program Files\MiKTeX\tex/latex/base\fontenc.sty
Package: fontenc 2021/04/29 v2.0v Standard LaTeX package
)
(C:\Program Files\MiKTeX\tex/generic/babel\babel.sty
Package: babel 2024/01/07 v24.1 The Babel package
\babel@savecnt=\count336
\U@D=\dimen294
\l@unhyphenated=\language79

(C:\Program Files\MiKTeX\tex/generic/babel\txtbabel.def)
\bbl@readstream=\read3
LaTeX Info: Redefining \textlatin on input line 3986.
\bbl@dirlevel=\count337

*************************************
* Local config file bblopts.cfg used
*
(C:\Program Files\MiKTeX\tex/latex/arabi\bblopts.cfg
File: bblopts.cfg 2005/09/08 v0.1 add Arabic and Farsi to "declared" options of
 babel
)
(C:\Program Files\MiKTeX\tex/latex/babel-spanish\spanish.ldf
Language: spanish.ldf 2021/05/27 v5.0q Spanish support from the babel system
\es@quottoks=\toks48
\es@quotdepth=\count338
Package babel Info: Making " an active character on input line 570.
Package babel Info: Making . an active character on input line 675.
Package babel Info: Making < an active character on input line 722.
Package babel Info: Making > an active character on input line 722.
))
(C:\Program Files\MiKTeX\tex/generic/babel/locale/es\babel-spanish.tex
Package babel Info: Importing font and identification data for spanish
(babel)             from babel-es.ini. Reported on input line 11.
)
(C:\Program Files\MiKTeX\tex/latex/pgf/frontendlayer\tikz.sty
(C:\Program Files\MiKTeX\tex/latex/pgf/basiclayer\pgf.sty
Package: pgf 2023-01-15 v3.1.10 (3.1.10)

(C:\Program Files\MiKTeX\tex/generic/pgf/modules\pgfmoduleshapes.code.tex
File: pgfmoduleshapes.code.tex 2023-01-15 v3.1.10 (3.1.10)
\pgfnodeparttextbox=\box76
)
(C:\Program Files\MiKTeX\tex/generic/pgf/modules\pgfmoduleplot.code.tex
File: pgfmoduleplot.code.tex 2023-01-15 v3.1.10 (3.1.10)
)
(C:\Program Files\MiKTeX\tex/latex/pgf/compatibility\pgfcomp-version-0-65.sty
Package: pgfcomp-version-0-65 2023-01-15 v3.1.10 (3.1.10)
\pgf@nodesepstart=\dimen295
\pgf@nodesepend=\dimen296
)
(C:\Program Files\MiKTeX\tex/latex/pgf/compatibility\pgfcomp-version-1-18.sty
Package: pgfcomp-version-1-18 2023-01-15 v3.1.10 (3.1.10)
)) (C:\Program Files\MiKTeX\tex/latex/pgf/utilities\pgffor.sty
(C:\Program Files\MiKTeX\tex/generic/pgf/utilities\pgffor.code.tex
Package: pgffor 2023-01-15 v3.1.10 (3.1.10)
\pgffor@iter=\dimen297
\pgffor@skip=\dimen298
\pgffor@stack=\toks49
\pgffor@toks=\toks50
))
(C:\Program Files\MiKTeX\tex/generic/pgf/frontendlayer/tikz\tikz.code.tex
Package: tikz 2023-01-15 v3.1.10 (3.1.10)

(C:\Program Files\MiKTeX\tex/generic/pgf/libraries\pgflibraryplothandlers.code.
tex
File: pgflibraryplothandlers.code.tex 2023-01-15 v3.1.10 (3.1.10)
\pgf@plot@mark@count=\count339
\pgfplotmarksize=\dimen299
)
\tikz@lastx=\dimen300
\tikz@lasty=\dimen301
\tikz@lastxsaved=\dimen302
\tikz@lastysaved=\dimen303
\tikz@lastmovetox=\dimen304
\tikz@lastmovetoy=\dimen305
\tikzleveldistance=\dimen306
\tikzsiblingdistance=\dimen307
\tikz@figbox=\box77
\tikz@figbox@bg=\box78
\tikz@tempbox=\box79
\tikz@tempbox@bg=\box80
\tikztreelevel=\count340
\tikznumberofchildren=\count341
\tikznumberofcurrentchild=\count342
\tikz@fig@count=\count343
 (C:\Program Files\MiKTeX\tex/generic/pgf/modules\pgfmodulematrix.code.tex
File: pgfmodulematrix.code.tex 2023-01-15 v3.1.10 (3.1.10)
\pgfmatrixcurrentrow=\count344
\pgfmatrixcurrentcolumn=\count345
\pgf@matrix@numberofcolumns=\count346
)
\tikz@expandcount=\count347

(C:\Program Files\MiKTeX\tex/generic/pgf/frontendlayer/tikz/libraries\tikzlibra
rytopaths.code.tex
File: tikzlibrarytopaths.code.tex 2023-01-15 v3.1.10 (3.1.10)
)))
(C:\Program Files\MiKTeX\tex/generic/pgf/frontendlayer/tikz/libraries\tikzlibra
rypositioning.code.tex
File: tikzlibrarypositioning.code.tex 2023-01-15 v3.1.10 (3.1.10)
)
(C:\Program Files\MiKTeX\tex/generic/pgf/frontendlayer/tikz/libraries\tikzlibra
rycalc.code.tex
File: tikzlibrarycalc.code.tex 2023-01-15 v3.1.10 (3.1.10)
)
(C:\Program Files\MiKTeX\tex/generic/pgf/libraries\pgflibraryarrows.meta.code.t
ex
File: pgflibraryarrows.meta.code.tex 2023-01-15 v3.1.10 (3.1.10)
\pgfarrowinset=\dimen308
\pgfarrowlength=\dimen309
\pgfarrowwidth=\dimen310
\pgfarrowlinewidth=\dimen311
) (C:\Program Files\MiKTeX\tex/latex/pgfplots\pgfplots.sty
(C:\Program Files\MiKTeX\tex/generic/pgfplots\pgfplots.revision.tex)
Package: pgfplots 2021/05/15 v1.18.1 Data Visualization (1.18.1)

(C:\Program Files\MiKTeX\tex/generic/pgfplots\pgfplots.code.tex
(C:\Program Files\MiKTeX\tex/generic/pgfplots\pgfplotscore.code.tex
\t@pgfplots@toka=\toks51
\t@pgfplots@tokb=\toks52
\t@pgfplots@tokc=\toks53
\pgfplots@tmpa=\dimen312
\c@pgfplots@coordindex=\count348
\c@pgfplots@scanlineindex=\count349

(C:\Program Files\MiKTeX\tex/generic/pgfplots/sys\pgfplotssysgeneric.code.tex))
(C:\Program Files\MiKTeX\tex/generic/pgfplots/libs\pgfplotslibrary.code.tex)
(C:\Program Files\MiKTeX\tex/generic/pgfplots/oldpgfcompatib\pgfplotsoldpgfsupp
_loader.code.tex
(C:\Program Files\MiKTeX\tex/generic/pgf/libraries\pgflibraryfpu.code.tex)
Package pgfplots: loading complementary utilities for your pgf version...
\t@pgf@toka=\toks54
\t@pgf@tokb=\toks55
\t@pgf@tokc=\toks56

(C:\Program Files\MiKTeX\tex/generic/pgfplots/oldpgfcompatib\pgfplotsoldpgfsupp
_pgfutil-common-lists.tex))
(C:\Program Files\MiKTeX\tex/generic/pgfplots/util\pgfplotsutil.code.tex
(C:\Program Files\MiKTeX\tex/generic/pgfplots/liststructure\pgfplotsliststructu
re.code.tex)
(C:\Program Files\MiKTeX\tex/generic/pgfplots/liststructure\pgfplotsliststructu
reext.code.tex)
(C:\Program Files\MiKTeX\tex/generic/pgfplots/liststructure\pgfplotsarray.code.
tex
\c@pgfplotsarray@tmp=\count350
)
(C:\Program Files\MiKTeX\tex/generic/pgfplots/liststructure\pgfplotsmatrix.code
.tex)
(C:\Program Files\MiKTeX\tex/generic/pgfplots/numtable\pgfplotstableshared.code
.tex
\c@pgfplotstable@counta=\count351
\t@pgfplotstable@a=\toks57
)
(C:\Program Files\MiKTeX\tex/generic/pgfplots/liststructure\pgfplotsdeque.code.
tex) (C:\Program Files\MiKTeX\tex/generic/pgfplots/util\pgfplotsbinary.code.tex

(C:\Program Files\MiKTeX\tex/generic/pgfplots/util\pgfplotsbinary.data.code.tex
))
(C:\Program Files\MiKTeX\tex/generic/pgfplots/util\pgfplotsutil.verb.code.tex)
(C:\Program Files\MiKTeX\tex/generic/pgfplots/libs\pgflibrarypgfplots.surfshadi
ng.code.tex
\c@pgfplotslibrarysurf@no=\count352

(C:\Program Files\MiKTeX\tex/generic/pgfplots/sys\pgflibrarypgfplots.surfshadin
g.pgfsys-pdftex.def)))
(C:\Program Files\MiKTeX\tex/generic/pgfplots/util\pgfplotscolormap.code.tex
(C:\Program Files\MiKTeX\tex/generic/pgfplots/util\pgfplotscolor.code.tex))
(C:\Program Files\MiKTeX\tex/generic/pgfplots\pgfplotsstackedplots.code.tex)
(C:\Program Files\MiKTeX\tex/generic/pgfplots\pgfplotsplothandlers.code.tex
(C:\Program Files\MiKTeX\tex/generic/pgfplots\pgfplotsmeshplothandler.code.tex
(C:\Program Files\MiKTeX\tex/generic/pgfplots\pgfplotsmeshplotimage.code.tex)))
(C:\Program Files\MiKTeX\tex/generic/pgfplots\pgfplots.scaling.code.tex)
(C:\Program Files\MiKTeX\tex/generic/pgfplots\pgfplotscoordprocessing.code.tex)
(C:\Program Files\MiKTeX\tex/generic/pgfplots\pgfplots.errorbars.code.tex)
(C:\Program Files\MiKTeX\tex/generic/pgfplots\pgfplots.markers.code.tex)
(C:\Program Files\MiKTeX\tex/generic/pgfplots\pgfplotsticks.code.tex)
(C:\Program Files\MiKTeX\tex/generic/pgfplots\pgfplots.paths.code.tex)
(C:\Program Files\MiKTeX\tex/generic/pgf/frontendlayer/tikz/libraries\tikzlibra
rydecorations.code.tex
(C:\Program Files\MiKTeX\tex/generic/pgf/modules\pgfmoduledecorations.code.tex
\pgfdecoratedcompleteddistance=\dimen313
\pgfdecoratedremainingdistance=\dimen314
\pgfdecoratedinputsegmentcompleteddistance=\dimen315
\pgfdecoratedinputsegmentremainingdistance=\dimen316
\pgf@decorate@distancetomove=\dimen317
\pgf@decorate@repeatstate=\count353
\pgfdecorationsegmentamplitude=\dimen318
\pgfdecorationsegmentlength=\dimen319
)
\tikz@lib@dec@box=\box81
)
(C:\Program Files\MiKTeX\tex/generic/pgf/frontendlayer/tikz/libraries\tikzlibra
rydecorations.pathmorphing.code.tex
(C:\Program Files\MiKTeX\tex/generic/pgf/libraries/decorations\pgflibrarydecora
tions.pathmorphing.code.tex))
(C:\Program Files\MiKTeX\tex/generic/pgf/frontendlayer/tikz/libraries\tikzlibra
rydecorations.pathreplacing.code.tex
(C:\Program Files\MiKTeX\tex/generic/pgf/libraries/decorations\pgflibrarydecora
tions.pathreplacing.code.tex))
(C:\Program Files\MiKTeX\tex/generic/pgfplots/libs\tikzlibrarypgfplots.contourl
ua.code.tex)
\pgfplots@numplots=\count354
\pgfplots@xmin@reg=\dimen320
\pgfplots@xmax@reg=\dimen321
\pgfplots@ymin@reg=\dimen322
\pgfplots@ymax@reg=\dimen323
\pgfplots@zmin@reg=\dimen324
\pgfplots@zmax@reg=\dimen325
)
(C:\Program Files\MiKTeX\tex/generic/pgf/frontendlayer/tikz/libraries\tikzlibra
ryplotmarks.code.tex
File: tikzlibraryplotmarks.code.tex 2023-01-15 v3.1.10 (3.1.10)

(C:\Program Files\MiKTeX\tex/generic/pgf/libraries\pgflibraryplotmarks.code.tex
File: pgflibraryplotmarks.code.tex 2023-01-15 v3.1.10 (3.1.10)
))) (C:\Program Files\MiKTeX\tex/latex/tcolorbox\tcolorbox.sty
Package: tcolorbox 2024/01/10 version 6.2.0 text color boxes

(C:\Program Files\MiKTeX\tex/latex/tools\verbatim.sty
Package: verbatim 2023-11-06 v1.5v LaTeX2e package for verbatim enhancements
\every@verbatim=\toks58
\verbatim@line=\toks59
\verbatim@in@stream=\read4
)
(C:\Program Files\MiKTeX\tex/latex/environ\environ.sty
Package: environ 2014/05/04 v0.3 A new way to define environments

(C:\Program Files\MiKTeX\tex/latex/trimspaces\trimspaces.sty
Package: trimspaces 2009/09/17 v1.1 Trim spaces around a token list
))
\tcb@titlebox=\box82
\tcb@upperbox=\box83
\tcb@lowerbox=\box84
\tcb@phantombox=\box85
\c@tcbbreakpart=\count355
\c@tcblayer=\count356
\c@tcolorbox@number=\count357
\l__tcobox_tmpa_box=\box86
\l__tcobox_tmpa_dim=\dimen326
\tcb@temp=\box87
\tcb@temp=\box88
\tcb@temp=\box89
\tcb@temp=\box90
)
(C:\Program Files\MiKTeX\tex/latex/ragged2e\ragged2e.sty
Package: ragged2e 2023/06/22 v3.6 ragged2e Package
\CenteringLeftskip=\skip65
\RaggedLeftLeftskip=\skip66
\RaggedRightLeftskip=\skip67
\CenteringRightskip=\skip68
\RaggedLeftRightskip=\skip69
\RaggedRightRightskip=\skip70
\CenteringParfillskip=\skip71
\RaggedLeftParfillskip=\skip72
\RaggedRightParfillskip=\skip73
\JustifyingParfillskip=\skip74
\CenteringParindent=\skip75
\RaggedLeftParindent=\skip76
\RaggedRightParindent=\skip77
\JustifyingParindent=\skip78
)
(C:\Program Files\MiKTeX\tex/latex/tools\array.sty
Package: array 2023/10/16 v2.5g Tabular extension package (FMi)
\col@sep=\dimen327
\ar@mcellbox=\box91
\extrarowheight=\dimen328
\NC@list=\toks60
\extratabsurround=\skip79
\backup@length=\skip80
\ar@cellbox=\box92
)
(C:\Program Files\MiKTeX\tex/latex/booktabs\booktabs.sty
Package: booktabs 2020/01/12 v1.61803398 Publication quality tables
\heavyrulewidth=\dimen329
\lightrulewidth=\dimen330
\cmidrulewidth=\dimen331
\belowrulesep=\dimen332
\belowbottomsep=\dimen333
\aboverulesep=\dimen334
\abovetopsep=\dimen335
\cmidrulesep=\dimen336
\cmidrulekern=\dimen337
\defaultaddspace=\dimen338
\@cmidla=\count358
\@cmidlb=\count359
\@aboverulesep=\dimen339
\@belowrulesep=\dimen340
\@thisruleclass=\count360
\@lastruleclass=\count361
\@thisrulewidth=\dimen341
)
(C:\Program Files\MiKTeX\tex/generic/pgf/frontendlayer/tikz/libraries\tikzlibra
ryshapes.code.tex
File: tikzlibraryshapes.code.tex 2023-01-15 v3.1.10 (3.1.10)

(C:\Program Files\MiKTeX\tex/generic/pgf/frontendlayer/tikz/libraries\tikzlibra
ryshapes.geometric.code.tex
File: tikzlibraryshapes.geometric.code.tex 2023-01-15 v3.1.10 (3.1.10)

(C:\Program Files\MiKTeX\tex/generic/pgf/libraries/shapes\pgflibraryshapes.geom
etric.code.tex
File: pgflibraryshapes.geometric.code.tex 2023-01-15 v3.1.10 (3.1.10)
))
(C:\Program Files\MiKTeX\tex/generic/pgf/frontendlayer/tikz/libraries\tikzlibra
ryshapes.misc.code.tex
File: tikzlibraryshapes.misc.code.tex 2023-01-15 v3.1.10 (3.1.10)

(C:\Program Files\MiKTeX\tex/generic/pgf/libraries/shapes\pgflibraryshapes.misc
.code.tex
File: pgflibraryshapes.misc.code.tex 2023-01-15 v3.1.10 (3.1.10)
))
(C:\Program Files\MiKTeX\tex/generic/pgf/frontendlayer/tikz/libraries\tikzlibra
ryshapes.symbols.code.tex
File: tikzlibraryshapes.symbols.code.tex 2023-01-15 v3.1.10 (3.1.10)

(C:\Program Files\MiKTeX\tex/generic/pgf/libraries/shapes\pgflibraryshapes.symb
ols.code.tex
File: pgflibraryshapes.symbols.code.tex 2023-01-15 v3.1.10 (3.1.10)
))
(C:\Program Files\MiKTeX\tex/generic/pgf/frontendlayer/tikz/libraries\tikzlibra
ryshapes.arrows.code.tex
File: tikzlibraryshapes.arrows.code.tex 2023-01-15 v3.1.10 (3.1.10)

(C:\Program Files\MiKTeX\tex/generic/pgf/libraries/shapes\pgflibraryshapes.arro
ws.code.tex
File: pgflibraryshapes.arrows.code.tex 2023-01-15 v3.1.10 (3.1.10)
))
(C:\Program Files\MiKTeX\tex/generic/pgf/frontendlayer/tikz/libraries\tikzlibra
ryshapes.callouts.code.tex
(C:\Program Files\MiKTeX\tex/generic/pgf/libraries/shapes\pgflibraryshapes.call
outs.code.tex))
(C:\Program Files\MiKTeX\tex/generic/pgf/frontendlayer/tikz/libraries\tikzlibra
ryshapes.multipart.code.tex
File: tikzlibraryshapes.multipart.code.tex 2023-01-15 v3.1.10 (3.1.10)

(C:\Program Files\MiKTeX\tex/generic/pgf/libraries/shapes\pgflibraryshapes.mult
ipart.code.tex
File: pgflibraryshapes.multipart.code.tex 2023-01-15 v3.1.10 (3.1.10)
\pgfnodepartlowerbox=\box93
\pgfnodeparttwobox=\box94
\pgfnodepartthreebox=\box95
\pgfnodepartfourbox=\box96
\pgfnodeparttwentybox=\box97
\pgfnodepartnineteenbox=\box98
\pgfnodeparteighteenbox=\box99
\pgfnodepartseventeenbox=\box100
\pgfnodepartsixteenbox=\box101
\pgfnodepartfifteenbox=\box102
\pgfnodepartfourteenbox=\box103
\pgfnodepartthirteenbox=\box104
\pgfnodeparttwelvebox=\box105
\pgfnodepartelevenbox=\box106
\pgfnodeparttenbox=\box107
\pgfnodepartninebox=\box108
\pgfnodeparteightbox=\box109
\pgfnodepartsevenbox=\box110
\pgfnodepartsixbox=\box111
\pgfnodepartfivebox=\box112
)))
(C:\Program Files\MiKTeX\tex/generic/pgf/frontendlayer/tikz/libraries\tikzlibra
ryarrows.code.tex
File: tikzlibraryarrows.code.tex 2023-01-15 v3.1.10 (3.1.10)

(C:\Program Files\MiKTeX\tex/generic/pgf/libraries\pgflibraryarrows.code.tex
File: pgflibraryarrows.code.tex 2023-01-15 v3.1.10 (3.1.10)
\arrowsize=\dimen342
))
(C:\Program Files\MiKTeX\tex/latex/tools\multicol.sty
Package: multicol 2023/03/30 v1.9f multicolumn formatting (FMi)
\c@tracingmulticols=\count362
\mult@box=\box113
\multicol@leftmargin=\dimen343
\c@unbalance=\count363
\c@collectmore=\count364
\doublecol@number=\count365
\multicoltolerance=\count366
\multicolpretolerance=\count367
\full@width=\dimen344
\page@free=\dimen345
\premulticols=\dimen346
\postmulticols=\dimen347
\multicolsep=\skip81
\multicolbaselineskip=\skip82
\partial@page=\box114
\last@line=\box115
\mc@boxedresult=\box116
\maxbalancingoverflow=\dimen348
\mult@rightbox=\box117
\mult@grightbox=\box118
\mult@firstbox=\box119
\mult@gfirstbox=\box120
\@tempa=\box121
\@tempa=\box122
\@tempa=\box123
\@tempa=\box124
\@tempa=\box125
\@tempa=\box126
\@tempa=\box127
\@tempa=\box128
\@tempa=\box129
\@tempa=\box130
\@tempa=\box131
\@tempa=\box132
\@tempa=\box133
\@tempa=\box134
\@tempa=\box135
\@tempa=\box136
\@tempa=\box137
\@tempa=\box138
\@tempa=\box139
\@tempa=\box140
\@tempa=\box141
\@tempa=\box142
\@tempa=\box143
\@tempa=\box144
\@tempa=\box145
\@tempa=\box146
\@tempa=\box147
\@tempa=\box148
\@tempa=\box149
\@tempa=\box150
\@tempa=\box151
\@tempa=\box152
\@tempa=\box153
\@tempa=\box154
\@tempa=\box155
\@tempa=\box156
\c@minrows=\count368
\c@columnbadness=\count369
\c@finalcolumnbadness=\count370
\last@try=\dimen349
\multicolovershoot=\dimen350
\multicolundershoot=\dimen351
\mult@nat@firstbox=\box157
\colbreak@box=\box158
\mc@col@check@num=\count371
)
(C:\Program Files\MiKTeX\tex/generic/pgf/frontendlayer/tikz/libraries\tikzlibra
ryfit.code.tex
File: tikzlibraryfit.code.tex 2023-01-15 v3.1.10 (3.1.10)
) (C:\Program Files\MiKTeX\tex/latex/caption\caption.sty
Package: caption 2023/08/05 v3.6o Customizing captions (AR)

(C:\Program Files\MiKTeX\tex/latex/caption\caption3.sty
Package: caption3 2023/07/31 v2.4d caption3 kernel (AR)
\caption@tempdima=\dimen352
\captionmargin=\dimen353
\caption@leftmargin=\dimen354
\caption@rightmargin=\dimen355
\caption@width=\dimen356
\caption@indent=\dimen357
\caption@parindent=\dimen358
\caption@hangindent=\dimen359
Package caption Info: beamer document class detected.

(C:\Program Files\MiKTeX\tex/latex/caption\caption-beamer.sto
File: caption-beamer.sto 2022/01/06 v2.0c Adaption of the caption package to th
e beamer document classes (AR)
))
\c@caption@flags=\count372
\c@continuedfloat=\count373
Package caption Info: hyperref package is loaded.
Package caption Info: Hyperref support is turned off
(caption)             because hyperref has stopped early.
)
(C:\Program Files\MiKTeX\tex/latex/media9\media9.sty
Package: media9 2024/09/16 v1.29 acrobat-9/X compatible media
\g_mix_pkgresizeflag_int=\count374

(C:\Program Files\MiKTeX\tex/latex/media9\pdfbase.sty
Package: pdfbase 2024/09/16 v0.59 driver independent access to low-level PDF fe
atures

(C:\Program Files\MiKTeX\tex/latex/l3backend\l3backend-pdftex.def
File: l3backend-pdftex.def 2024-01-04 L3 backend support: PDF output (pdfTeX)
\l__color_backend_stack_int=\count375
\l__pdf_internal_box=\box159
)
\g_pbs_page_int=\count376
\g_pbs_oc_int=\count377
)
(C:\Program Files\MiKTeX\tex/latex/ocgx2\ocgbase.sty
Package: ocgbase 2024/09/15 v0.24 support package for ocgx2.sty
)
\l_mix_poster_box=\box160
\g_mix_wd_dim=\dimen360
\g_mix_ht_dim=\dimen361
\g_mix_dp_dim=\dimen362
\g_mix_rmcnt_int=\count378
\l_mix_viewcnt_int=\count379
\g@mix@page@int=\count380
\g_mix_resizeflag_int=\count381
\l_mix_lineno_int=\count382
\l_mix_pbtn_box=\box161
\g_mix_mbtncnt_int=\count383
\mix@btn@dim=\dimen363
)
(C:\Program Files\MiKTeX\tex/latex/listings\listings.sty
\lst@mode=\count384
\lst@gtempboxa=\box162
\lst@token=\toks61
\lst@length=\count385
\lst@currlwidth=\dimen364
\lst@column=\count386
\lst@pos=\count387
\lst@lostspace=\dimen365
\lst@width=\dimen366
\lst@newlines=\count388
\lst@lineno=\count389
\lst@maxwidth=\dimen367

(C:\Program Files\MiKTeX\tex/latex/listings\lstmisc.sty
File: lstmisc.sty 2023/02/27 1.9 (Carsten Heinz)
\c@lstnumber=\count390
\lst@skipnumbers=\count391
\lst@framebox=\box163
)
(C:\Program Files\MiKTeX\tex/latex/listings\listings.cfg
File: listings.cfg 2023/02/27 1.9 listings configuration
))
Package: listings 2023/02/27 1.9 (Carsten Heinz)

(Presentacion_Capitulo_3.aux
LaTeX Info: Redefining \. on input line 14.
LaTeX Info: Redefining \% on input line 14.
)
\openout1 = `Presentacion_Capitulo_3.aux'.

LaTeX Font Info:    Checking defaults for OML/cmm/m/it on input line 58.
LaTeX Font Info:    ... okay on input line 58.
LaTeX Font Info:    Checking defaults for OMS/cmsy/m/n on input line 58.
LaTeX Font Info:    ... okay on input line 58.
LaTeX Font Info:    Checking defaults for OT1/cmr/m/n on input line 58.
LaTeX Font Info:    ... okay on input line 58.
LaTeX Font Info:    Checking defaults for T1/cmr/m/n on input line 58.
LaTeX Font Info:    ... okay on input line 58.
LaTeX Font Info:    Checking defaults for TS1/cmr/m/n on input line 58.
LaTeX Font Info:    ... okay on input line 58.
LaTeX Font Info:    Checking defaults for OMX/cmex/m/n on input line 58.
LaTeX Font Info:    ... okay on input line 58.
LaTeX Font Info:    Checking defaults for U/cmr/m/n on input line 58.
LaTeX Font Info:    ... okay on input line 58.
LaTeX Font Info:    Checking defaults for PD1/pdf/m/n on input line 58.
LaTeX Font Info:    ... okay on input line 58.
LaTeX Font Info:    Checking defaults for PU/pdf/m/n on input line 58.
LaTeX Font Info:    ... okay on input line 58.

*geometry* driver: auto-detecting
*geometry* detected driver: pdftex
*geometry* verbose mode - [ preamble ] result:
* driver: pdftex
* paper: custom
* layout: <same size as paper>
* layoutoffset:(h,v)=(0.0pt,0.0pt)
* modes: includehead includefoot 
* h-part:(L,W,R)=(10.95003pt, 342.2953pt, 10.95003pt)
* v-part:(T,H,B)=(0.0pt, 273.14662pt, 0.0pt)
* \paperwidth=364.19536pt
* \paperheight=273.14662pt
* \textwidth=342.2953pt
* \textheight=244.6939pt
* \oddsidemargin=-61.31996pt
* \evensidemargin=-61.31996pt
* \topmargin=-72.26999pt
* \headheight=14.22636pt
* \headsep=0.0pt
* \topskip=11.0pt
* \footskip=14.22636pt
* \marginparwidth=4.0pt
* \marginparsep=10.0pt
* \columnsep=10.0pt
* \skip\footins=10.0pt plus 4.0pt minus 2.0pt
* \hoffset=0.0pt
* \voffset=0.0pt
* \mag=1000
* \@twocolumnfalse
* \@twosidefalse
* \@mparswitchfalse
* \@reversemarginfalse
* (1in=72.27pt=25.4mm, 1cm=28.453pt)

(C:\Program Files\MiKTeX\tex/context/base/mkii\supp-pdf.mkii
[Loading MPS to PDF converter (version 2006.09.02).]
\scratchcounter=\count392
\scratchdimen=\dimen368
\scratchbox=\box164
\nofMPsegments=\count393
\nofMParguments=\count394
\everyMPshowfont=\toks62
\MPscratchCnt=\count395
\MPscratchDim=\dimen369
\MPnumerator=\count396
\makeMPintoPDFobject=\count397
\everyMPtoPDFconversion=\toks63
) (C:\Program Files\MiKTeX\tex/latex/epstopdf-pkg\epstopdf-base.sty
Package: epstopdf-base 2020-01-24 v2.11 Base part for package epstopdf
Package epstopdf-base Info: Redefining graphics rule for `.eps' on input line 4
85.

(C:\Program Files\MiKTeX\tex/latex/00miktex\epstopdf-sys.cfg
File: epstopdf-sys.cfg 2021/03/18 v2.0 Configuration of epstopdf for MiKTeX
))
Package hyperref Info: Link coloring OFF on input line 58.

(Presentacion_Capitulo_3.out) (Presentacion_Capitulo_3.out)
\@outlinefile=\write5
\openout5 = `Presentacion_Capitulo_3.out'.


(C:\Program Files\MiKTeX\tex/latex/translator\translator-basic-dictionary-Engli
sh.dict
Dictionary: translator-basic-dictionary, Language: English 
)
(C:\Program Files\MiKTeX\tex/latex/translator\translator-bibliography-dictionar
y-English.dict
Dictionary: translator-bibliography-dictionary, Language: English 
)
(C:\Program Files\MiKTeX\tex/latex/translator\translator-environment-dictionary
-English.dict
Dictionary: translator-environment-dictionary, Language: English 
)
(C:\Program Files\MiKTeX\tex/latex/translator\translator-months-dictionary-Engl
ish.dict
Dictionary: translator-months-dictionary, Language: English 
)
(C:\Program Files\MiKTeX\tex/latex/translator\translator-numbers-dictionary-Eng
lish.dict
Dictionary: translator-numbers-dictionary, Language: English 
)
(C:\Program Files\MiKTeX\tex/latex/translator\translator-theorem-dictionary-Eng
lish.dict
Dictionary: translator-theorem-dictionary, Language: English 
)
LaTeX Info: Redefining \. on input line 58.
LaTeX Info: Redefining \% on input line 58.

Package pgfplots notification 'compat/show suggested version=true': document ha
s been generated with the most recent feature set (\pgfplotsset{compat=1.18}).

Package caption Info: Begin \AtBeginDocument code.
Package caption Info: listings package is loaded.
Package caption Info: End \AtBeginDocument code.
\c@lstlisting=\count398
(Presentacion_Capitulo_3.nav)
Overfull \hbox (164.06409pt too wide) in paragraph at lines 58--58
 [][]  \T1/cmss/m/n/6 ([])  
 []


Overfull \hbox (28.0733pt too wide) in paragraph at lines 58--58
 [][][][]  
 []


Overfull \hbox (164.06409pt too wide) in paragraph at lines 63--63
 [][]  \T1/cmss/m/n/6 ([])  
 []


Overfull \hbox (28.0733pt too wide) in paragraph at lines 63--63
 [][][][]  
 []


Overfull \hbox (164.06409pt too wide) has occurred while \output is active
 [][]  \T1/cmss/m/n/6 ([])  
 []


Overfull \hbox (28.0733pt too wide) has occurred while \output is active
 [][][][]  
 []

[1

{C:/Users/alfaa/AppData/Local/MiKTeX/fonts/map/pdftex/pdftex.map}]
Overfull \hbox (164.06409pt too wide) in paragraph at lines 70--70
 [][]  \T1/cmss/m/n/6 ([])  
 []


Overfull \hbox (28.0733pt too wide) in paragraph at lines 70--70
 [][][][]  
 []

(Presentacion_Capitulo_3.toc
LaTeX Info: Redefining \. on input line 1.
LaTeX Info: Redefining \% on input line 1.
)
Overfull \vbox (11.72481pt too high) detected at line 70
 []


Overfull \hbox (164.06409pt too wide) has occurred while \output is active
 [][]  \T1/cmss/m/n/6 ([])  
 []


Overfull \hbox (28.0733pt too wide) has occurred while \output is active
 [][][][]  
 []

[2

]
Overfull \hbox (164.06409pt too wide) in paragraph at lines 88--88
 [][]  \T1/cmss/m/n/6 ([])  
 []


Overfull \hbox (28.0733pt too wide) in paragraph at lines 88--88
 [][][][]  
 []


Overfull \hbox (164.06409pt too wide) has occurred while \output is active
 [][]  \T1/cmss/m/n/6 ([])  
 []


Overfull \hbox (28.0733pt too wide) has occurred while \output is active
 [][][][]  
 []

[3

]
Overfull \hbox (164.06409pt too wide) in paragraph at lines 111--111
 [][]  \T1/cmss/m/n/6 ([])  
 []


Overfull \hbox (28.0733pt too wide) in paragraph at lines 111--111
 [][][][]  
 []


Overfull \vbox (5.0894pt too high) detected at line 111
 []


Overfull \hbox (164.06409pt too wide) has occurred while \output is active
 [][]  \T1/cmss/m/n/6 ([])  
 []


Overfull \hbox (28.0733pt too wide) has occurred while \output is active
 [][][][]  
 []

[4

]
Overfull \hbox (164.06409pt too wide) in paragraph at lines 131--131
 [][]  \T1/cmss/m/n/6 ([])  
 []


Overfull \hbox (28.0733pt too wide) in paragraph at lines 131--131
 [][][][]  
 []

LaTeX Font Info:    Trying to load font information for U+msa on input line 131
.
(C:\Program Files\MiKTeX\tex/latex/amsfonts\umsa.fd
File: umsa.fd 2013/01/14 v3.01 AMS symbols A
)
LaTeX Font Info:    Trying to load font information for U+msb on input line 131
.

(C:\Program Files\MiKTeX\tex/latex/amsfonts\umsb.fd
File: umsb.fd 2013/01/14 v3.01 AMS symbols B
)
Overfull \hbox (164.06409pt too wide) has occurred while \output is active
 [][]  \T1/cmss/m/n/6 ([])  
 []


Overfull \hbox (28.0733pt too wide) has occurred while \output is active
 [][][][]  
 []

[5

]
Overfull \hbox (164.06409pt too wide) in paragraph at lines 138--138
 [][]  \T1/cmss/m/n/6 ([])  
 []


Overfull \hbox (28.0733pt too wide) in paragraph at lines 138--138
 [][][][]  
 []

<figuras/Fig_3_1.png, id=324, 1027.84pt x 1027.84pt>
File: figuras/Fig_3_1.png Graphic file (type png)
<use figuras/Fig_3_1.png>
Package pdftex.def Info: figuras/Fig_3_1.png  used on input line 138.
(pdftex.def)             Requested size: 239.60567pt x 239.59767pt.

Overfull \vbox (36.83374pt too high) detected at line 138
 []


Overfull \hbox (164.06409pt too wide) has occurred while \output is active
 [][]  \T1/cmss/m/n/6 ([])  
 []


Overfull \hbox (28.0733pt too wide) has occurred while \output is active
 [][][][]  
 []

[6

 <./figuras/Fig_3_1.png (PNG copy)>]
Overfull \hbox (164.06409pt too wide) in paragraph at lines 157--157
 [][]  \T1/cmss/m/n/6 ([])  
 []


Overfull \hbox (28.0733pt too wide) in paragraph at lines 157--157
 [][][][]  
 []

File: figuras/Fig_3_1.png Graphic file (type png)
<use figuras/Fig_3_1.png>
Package pdftex.def Info: figuras/Fig_3_1.png  used on input line 157.
(pdftex.def)             Requested size: 136.91603pt x 136.90175pt.

Overfull \vbox (14.31488pt too high) detected at line 157
 []


Overfull \hbox (164.06409pt too wide) has occurred while \output is active
 [][]  \T1/cmss/m/n/6 ([])  
 []


Overfull \hbox (28.0733pt too wide) has occurred while \output is active
 [][][][]  
 []

[7

]
Overfull \hbox (164.06409pt too wide) in paragraph at lines 178--178
 [][]  \T1/cmss/m/n/6 ([])  
 []


Overfull \hbox (28.0733pt too wide) in paragraph at lines 178--178
 [][][][]  
 []


Overfull \vbox (25.18172pt too high) detected at line 178
 []


Overfull \hbox (164.06409pt too wide) has occurred while \output is active
 [][]  \T1/cmss/m/n/6 ([])  
 []


Overfull \hbox (28.0733pt too wide) has occurred while \output is active
 [][][][]  
 []

[8

]
Overfull \hbox (164.06409pt too wide) in paragraph at lines 187--187
 [][]  \T1/cmss/m/n/6 ([])  
 []


Overfull \hbox (28.0733pt too wide) in paragraph at lines 187--187
 [][][][]  
 []

<figuras/Fig_3_2.png, id=455, 928.97063pt x 461.47406pt>
File: figuras/Fig_3_2.png Graphic file (type png)
<use figuras/Fig_3_2.png>
Package pdftex.def Info: figuras/Fig_3_2.png  used on input line 187.
(pdftex.def)             Requested size: 273.83728pt x 136.03508pt.

Overfull \hbox (164.06409pt too wide) has occurred while \output is active
 [][]  \T1/cmss/m/n/6 ([])  
 []


Overfull \hbox (28.0733pt too wide) has occurred while \output is active
 [][][][]  
 []

[9

 <./figuras/Fig_3_2.png>]
Overfull \hbox (164.06409pt too wide) in paragraph at lines 206--206
 [][]  \T1/cmss/m/n/6 ([])  
 []


Overfull \hbox (28.0733pt too wide) in paragraph at lines 206--206
 [][][][]  
 []


Overfull \hbox (164.06409pt too wide) has occurred while \output is active
 [][]  \T1/cmss/m/n/6 ([])  
 []


Overfull \hbox (28.0733pt too wide) has occurred while \output is active
 [][][][]  
 []

[10

]
Overfull \hbox (164.06409pt too wide) in paragraph at lines 225--225
 [][]  \T1/cmss/m/n/6 ([])  
 []


Overfull \hbox (28.0733pt too wide) in paragraph at lines 225--225
 [][][][]  
 []


Overfull \hbox (164.06409pt too wide) has occurred while \output is active
 [][]  \T1/cmss/m/n/6 ([])  
 []


Overfull \hbox (28.0733pt too wide) has occurred while \output is active
 [][][][]  
 []

[11

]

Package hyperref Warning: Option `pdfauthor' has already been used,
(hyperref)                setting the option has no effect on input line 232.


Overfull \hbox (122.80379pt too wide) in paragraph at lines 239--239
 [][]  \T1/cmss/m/n/6 ([])  
 []


Overfull \hbox (61.3783pt too wide) in paragraph at lines 239--239
 [][][][]  
 []


Overfull \hbox (122.80379pt too wide) has occurred while \output is active
 [][]  \T1/cmss/m/n/6 ([])  
 []


Overfull \hbox (61.3783pt too wide) has occurred while \output is active
 [][][][]  
 []

[12

]
Overfull \hbox (122.80379pt too wide) in paragraph at lines 252--252
 [][]  \T1/cmss/m/n/6 ([])  
 []


Overfull \hbox (61.3783pt too wide) in paragraph at lines 252--252
 [][][][]  
 []


Overfull \hbox (122.80379pt too wide) has occurred while \output is active
 [][]  \T1/cmss/m/n/6 ([])  
 []


Overfull \hbox (61.3783pt too wide) has occurred while \output is active
 [][][][]  
 []

[13

]
Overfull \hbox (122.80379pt too wide) in paragraph at lines 263--263
 [][]  \T1/cmss/m/n/6 ([])  
 []


Overfull \hbox (61.3783pt too wide) in paragraph at lines 263--263
 [][][][]  
 []


Overfull \hbox (122.80379pt too wide) has occurred while \output is active
 [][]  \T1/cmss/m/n/6 ([])  
 []


Overfull \hbox (61.3783pt too wide) has occurred while \output is active
 [][][][]  
 []

[14

]
Overfull \hbox (122.80379pt too wide) in paragraph at lines 280--280
 [][]  \T1/cmss/m/n/6 ([])  
 []


Overfull \hbox (61.3783pt too wide) in paragraph at lines 280--280
 [][][][]  
 []


Overfull \hbox (122.80379pt too wide) has occurred while \output is active
 [][]  \T1/cmss/m/n/6 ([])  
 []


Overfull \hbox (61.3783pt too wide) has occurred while \output is active
 [][][][]  
 []

[15

]
Overfull \hbox (122.80379pt too wide) has occurred while \output is active
 [][]  \T1/cmss/m/n/6 ([])  
 []


Overfull \hbox (61.3783pt too wide) has occurred while \output is active
 [][][][]  
 []

[16

]
Overfull \hbox (122.80379pt too wide) in paragraph at lines 288--288
 [][]  \T1/cmss/m/n/6 ([])  
 []


Overfull \hbox (61.3783pt too wide) in paragraph at lines 288--288
 [][][][]  
 []

<figuras/Fig_3_3.png, id=799, 593.21625pt x 545.03625pt>
File: figuras/Fig_3_3.png Graphic file (type png)
<use figuras/Fig_3_3.png>
Package pdftex.def Info: figuras/Fig_3_3.png  used on input line 288.
(pdftex.def)             Requested size: 171.14764pt x 157.24976pt.

Overfull \hbox (122.80379pt too wide) has occurred while \output is active
 [][]  \T1/cmss/m/n/6 ([])  
 []


Overfull \hbox (61.3783pt too wide) has occurred while \output is active
 [][][][]  
 []

[17

 <./figuras/Fig_3_3.png>]
Overfull \hbox (122.80379pt too wide) in paragraph at lines 297--297
 [][]  \T1/cmss/m/n/6 ([])  
 []


Overfull \hbox (61.3783pt too wide) in paragraph at lines 297--297
 [][][][]  
 []

<figuras/Fig_3_4.png, id=829, 898.10532pt x 526.21594pt>
File: figuras/Fig_3_4.png Graphic file (type png)
<use figuras/Fig_3_4.png>
Package pdftex.def Info: figuras/Fig_3_4.png  used on input line 297.
(pdftex.def)             Requested size: 205.37926pt x 120.3366pt.

Overfull \hbox (122.80379pt too wide) has occurred while \output is active
 [][]  \T1/cmss/m/n/6 ([])  
 []


Overfull \hbox (61.3783pt too wide) has occurred while \output is active
 [][][][]  
 []

[18

 <./figuras/Fig_3_4.png>]
Overfull \hbox (122.80379pt too wide) in paragraph at lines 306--306
 [][]  \T1/cmss/m/n/6 ([])  
 []


Overfull \hbox (61.3783pt too wide) in paragraph at lines 306--306
 [][][][]  
 []


Overfull \hbox (122.80379pt too wide) has occurred while \output is active
 [][]  \T1/cmss/m/n/6 ([])  
 []


Overfull \hbox (61.3783pt too wide) has occurred while \output is active
 [][][][]  
 []

[19

]

Package hyperref Warning: Option `pdfauthor' has already been used,
(hyperref)                setting the option has no effect on input line 312.


Overfull \hbox (122.80379pt too wide) in paragraph at lines 319--319
 [][]  \T1/cmss/m/n/6 ([])  
 []


Overfull \hbox (42.03194pt too wide) in paragraph at lines 319--319
 [][][][]  
 []


Overfull \hbox (122.80379pt too wide) has occurred while \output is active
 [][]  \T1/cmss/m/n/6 ([])  
 []


Overfull \hbox (42.03194pt too wide) has occurred while \output is active
 [][][][]  
 []

[20

]
Overfull \hbox (122.80379pt too wide) in paragraph at lines 333--333
 [][]  \T1/cmss/m/n/6 ([])  
 []


Overfull \hbox (42.03194pt too wide) in paragraph at lines 333--333
 [][][][]  
 []


Overfull \hbox (122.80379pt too wide) has occurred while \output is active
 [][]  \T1/cmss/m/n/6 ([])  
 []


Overfull \hbox (42.03194pt too wide) has occurred while \output is active
 [][][][]  
 []

[21

]
Overfull \hbox (122.80379pt too wide) in paragraph at lines 340--340
 [][]  \T1/cmss/m/n/6 ([])  
 []


Overfull \hbox (42.03194pt too wide) in paragraph at lines 340--340
 [][][][]  
 []

<figuras/Fig_3_5.png, id=980, 912.40875pt x 457.71pt>
File: figuras/Fig_3_5.png Graphic file (type png)
<use figuras/Fig_3_5.png>
Package pdftex.def Info: figuras/Fig_3_5.png  used on input line 340.
(pdftex.def)             Requested size: 273.83728pt x 137.36993pt.

Overfull \hbox (122.80379pt too wide) has occurred while \output is active
 [][]  \T1/cmss/m/n/6 ([])  
 []


Overfull \hbox (42.03194pt too wide) has occurred while \output is active
 [][][][]  
 []

[22

 <./figuras/Fig_3_5.png>]
Overfull \hbox (122.80379pt too wide) in paragraph at lines 354--354
 [][]  \T1/cmss/m/n/6 ([])  
 []


Overfull \hbox (42.03194pt too wide) in paragraph at lines 354--354
 [][][][]  
 []


Overfull \hbox (122.80379pt too wide) has occurred while \output is active
 [][]  \T1/cmss/m/n/6 ([])  
 []


Overfull \hbox (42.03194pt too wide) has occurred while \output is active
 [][][][]  
 []

[23

]
Overfull \hbox (122.80379pt too wide) in paragraph at lines 375--375
 [][]  \T1/cmss/m/n/6 ([])  
 []


Overfull \hbox (42.03194pt too wide) in paragraph at lines 375--375
 [][][][]  
 []

<figuras/Fig_3_6.png, id=1051, 614.295pt x 560.8453pt>
File: figuras/Fig_3_6.png Graphic file (type png)
<use figuras/Fig_3_6.png>
Package pdftex.def Info: figuras/Fig_3_6.png  used on input line 375.
(pdftex.def)             Requested size: 171.14764pt x 156.25685pt.

Overfull \hbox (122.80379pt too wide) has occurred while \output is active
 [][]  \T1/cmss/m/n/6 ([])  
 []


Overfull \hbox (42.03194pt too wide) has occurred while \output is active
 [][][][]  
 []

[24

 <./figuras/Fig_3_6.png>]
Overfull \hbox (122.80379pt too wide) in paragraph at lines 394--394
 [][]  \T1/cmss/m/n/6 ([])  
 []


Overfull \hbox (42.03194pt too wide) in paragraph at lines 394--394
 [][][][]  
 []

<figuras/Fig_3_7.png, id=1081, 793.46437pt x 693.34032pt>
File: figuras/Fig_3_7.png Graphic file (type png)
<use figuras/Fig_3_7.png>
Package pdftex.def Info: figuras/Fig_3_7.png  used on input line 394.
(pdftex.def)             Requested size: 205.37926pt x 179.46019pt.

Overfull \vbox (6.39626pt too high) detected at line 394
 []


Overfull \hbox (122.80379pt too wide) has occurred while \output is active
 [][]  \T1/cmss/m/n/6 ([])  
 []


Overfull \hbox (42.03194pt too wide) has occurred while \output is active
 [][][][]  
 []

[25

 <./figuras/Fig_3_7.png>]
Overfull \hbox (122.80379pt too wide) in paragraph at lines 426--426
 [][]  \T1/cmss/m/n/6 ([])  
 []


Overfull \hbox (42.03194pt too wide) in paragraph at lines 426--426
 [][][][]  
 []

<figuras/Fig_3_8.png, id=1112, 508.90125pt x 666.23906pt>
File: figuras/Fig_3_8.png Graphic file (type png)
<use figuras/Fig_3_8.png>
Package pdftex.def Info: figuras/Fig_3_8.png  used on input line 426.
(pdftex.def)             Requested size: 136.91603pt x 179.24649pt.

Overfull \vbox (3.98254pt too high) detected at line 426
 []


Overfull \hbox (122.80379pt too wide) has occurred while \output is active
 [][]  \T1/cmss/m/n/6 ([])  
 []


Overfull \hbox (42.03194pt too wide) has occurred while \output is active
 [][][][]  
 []

[26

 <./figuras/Fig_3_8.png>]
Overfull \hbox (122.80379pt too wide) in paragraph at lines 444--444
 [][]  \T1/cmss/m/n/6 ([])  
 []


Overfull \hbox (42.03194pt too wide) in paragraph at lines 444--444
 [][][][]  
 []

<figuras/Fig_3_9.png, id=1142, 572.89032pt x 576.65437pt>
File: figuras/Fig_3_9.png Graphic file (type png)
<use figuras/Fig_3_9.png>
Package pdftex.def Info: figuras/Fig_3_9.png  used on input line 444.
(pdftex.def)             Requested size: 171.14764pt x 172.27612pt.

Overfull \vbox (1.51219pt too high) detected at line 444
 []


Overfull \hbox (122.80379pt too wide) has occurred while \output is active
 [][]  \T1/cmss/m/n/6 ([])  
 []


Overfull \hbox (42.03194pt too wide) has occurred while \output is active
 [][][][]  
 []

[27

 <./figuras/Fig_3_9.png>]
Overfull \hbox (122.80379pt too wide) in paragraph at lines 453--453
 [][]  \T1/cmss/m/n/6 ([])  
 []


Overfull \hbox (42.03194pt too wide) in paragraph at lines 453--453
 [][][][]  
 []


Overfull \hbox (122.80379pt too wide) has occurred while \output is active
 [][]  \T1/cmss/m/n/6 ([])  
 []


Overfull \hbox (42.03194pt too wide) has occurred while \output is active
 [][][][]  
 []

[28

]
Overfull \hbox (122.80379pt too wide) in paragraph at lines 473--473
 [][]  \T1/cmss/m/n/6 ([])  
 []


Overfull \hbox (36.40326pt too wide) in paragraph at lines 473--473
 [][][][]  
 []


Overfull \hbox (122.80379pt too wide) has occurred while \output is active
 [][]  \T1/cmss/m/n/6 ([])  
 []


Overfull \hbox (36.40326pt too wide) has occurred while \output is active
 [][][][]  
 []

[29

]
Overfull \hbox (122.80379pt too wide) in paragraph at lines 488--488
 [][]  \T1/cmss/m/n/6 ([])  
 []


Overfull \hbox (36.40326pt too wide) in paragraph at lines 488--488
 [][][][]  
 []


Overfull \hbox (122.80379pt too wide) has occurred while \output is active
 [][]  \T1/cmss/m/n/6 ([])  
 []


Overfull \hbox (36.40326pt too wide) has occurred while \output is active
 [][][][]  
 []

[30

]
Overfull \hbox (122.80379pt too wide) in paragraph at lines 507--507
 [][]  \T1/cmss/m/n/6 ([])  
 []


Overfull \hbox (36.40326pt too wide) in paragraph at lines 507--507
 [][][][]  
 []

<figuras/Fig_3_13.png, id=1275, 706.89093pt x 286.06876pt>
File: figuras/Fig_3_13.png Graphic file (type png)
<use figuras/Fig_3_13.png>
Package pdftex.def Info: figuras/Fig_3_13.png  used on input line 507.
(pdftex.def)             Requested size: 239.60567pt x 96.96526pt.

Overfull \hbox (122.80379pt too wide) has occurred while \output is active
 [][]  \T1/cmss/m/n/6 ([])  
 []


Overfull \hbox (36.40326pt too wide) has occurred while \output is active
 [][][][]  
 []

[31

 <./figuras/Fig_3_13.png>]
Overfull \hbox (122.80379pt too wide) in paragraph at lines 520--520
 [][]  \T1/cmss/m/n/6 ([])  
 []


Overfull \hbox (36.40326pt too wide) in paragraph at lines 520--520
 [][][][]  
 []

<figuras/Fig_3_14.png, id=1317, 1007.26312pt x 513.41812pt>
File: figuras/Fig_3_14.png Graphic file (type png)
<use figuras/Fig_3_14.png>
Package pdftex.def Info: figuras/Fig_3_14.png  used on input line 520.
(pdftex.def)             Requested size: 342.2953pt x 174.47366pt.

Overfull \hbox (122.80379pt too wide) has occurred while \output is active
 [][]  \T1/cmss/m/n/6 ([])  
 []


Overfull \hbox (36.40326pt too wide) has occurred while \output is active
 [][][][]  
 []

[32

 <./figuras/Fig_3_14.png>]
Overfull \hbox (122.80379pt too wide) in paragraph at lines 530--530
 [][]  \T1/cmss/m/n/6 ([])  
 []


Overfull \hbox (36.40326pt too wide) in paragraph at lines 530--530
 [][][][]  
 []


Overfull \hbox (122.80379pt too wide) has occurred while \output is active
 [][]  \T1/cmss/m/n/6 ([])  
 []


Overfull \hbox (36.40326pt too wide) has occurred while \output is active
 [][][][]  
 []

[33

]
Overfull \hbox (122.80379pt too wide) in paragraph at lines 549--549
 [][]  \T1/cmss/m/n/6 ([])  
 []


Overfull \hbox (36.40326pt too wide) in paragraph at lines 549--549
 [][][][]  
 []


Overfull \hbox (122.80379pt too wide) has occurred while \output is active
 [][]  \T1/cmss/m/n/6 ([])  
 []


Overfull \hbox (36.40326pt too wide) has occurred while \output is active
 [][][][]  
 []

[34

]
Overfull \hbox (122.80379pt too wide) in paragraph at lines 560--560
 [][]  \T1/cmss/m/n/6 ([])  
 []


Overfull \hbox (36.40326pt too wide) in paragraph at lines 560--560
 [][][][]  
 []

<figuras/Fig_3_15.png, id=1441, 964.35281pt x 137.7647pt>
File: figuras/Fig_3_15.png Graphic file (type png)
<use figuras/Fig_3_15.png>
Package pdftex.def Info: figuras/Fig_3_15.png  used on input line 560.
(pdftex.def)             Requested size: 342.2953pt x 48.89944pt.

Overfull \hbox (122.80379pt too wide) has occurred while \output is active
 [][]  \T1/cmss/m/n/6 ([])  
 []


Overfull \hbox (36.40326pt too wide) has occurred while \output is active
 [][][][]  
 []

[35

 <./figuras/Fig_3_15.png>]
Overfull \hbox (122.80379pt too wide) in paragraph at lines 578--578
 [][]  \T1/cmss/m/n/6 ([])  
 []


Overfull \hbox (36.40326pt too wide) in paragraph at lines 578--578
 [][][][]  
 []


Overfull \hbox (122.80379pt too wide) has occurred while \output is active
 [][]  \T1/cmss/m/n/6 ([])  
 []


Overfull \hbox (36.40326pt too wide) has occurred while \output is active
 [][][][]  
 []

[36

]

Package hyperref Warning: Option `pdfauthor' has already been used,
(hyperref)                setting the option has no effect on input line 585.

[37

]
Overfull \vbox (8.11076pt too high) detected at line 614
 []

[38

] [39

] [40

]
<figuras/Fig_3_16.png, id=1691, 1027.58907pt x 546.54187pt>
File: figuras/Fig_3_16.png Graphic file (type png)
<use figuras/Fig_3_16.png>
Package pdftex.def Info: figuras/Fig_3_16.png  used on input line 731.
(pdftex.def)             Requested size: 273.83728pt x 145.64183pt.
 [41

 <./figuras/Fig_3_16.png>]

Package hyperref Warning: Option `pdfauthor' has already been used,
(hyperref)                setting the option has no effect on input line 738.

[42

] [43

] [44

]
<figuras/Fig_3_17.png, id=1857, 846.16125pt x 443.40656pt>
File: figuras/Fig_3_17.png Graphic file (type png)
<use figuras/Fig_3_17.png>
Package pdftex.def Info: figuras/Fig_3_17.png  used on input line 783.
(pdftex.def)             Requested size: 273.83728pt x 143.49649pt.
 [45

 <./figuras/Fig_3_17.png>] [46

] [47

] [48

]
<figuras/Fig_3_18.png, id=2073, 938.75719pt x 318.43968pt>
File: figuras/Fig_3_18.png Graphic file (type png)
<use figuras/Fig_3_18.png>
Package pdftex.def Info: figuras/Fig_3_18.png  used on input line 823.
(pdftex.def)             Requested size: 188.26346pt x 63.86172pt.

Overfull \vbox (13.62885pt too high) detected at line 823
 []

[49

 <./figuras/Fig_3_18.png>]
Overfull \vbox (6.85045pt too high) detected at line 848
 []

[50

]
Overfull \vbox (6.85045pt too high) detected at line 848
 []

[51

] [52

] [53

]
Package pgfplots info on input line 940: Using 'lua backend=false' for axis: x 
coord trafo unsupported.
Package pgfplots info on input line 940: Using 'lua backend=false' for axis: x 
coord trafo unsupported.
 [54

]
Overfull \vbox (1.57082pt too high) detected at line 956
 []

[55

]
Overfull \vbox (1.57082pt too high) detected at line 956
 []

[56

] [57

] [58

]
<figuras/Fig_3_20.png, id=2463, 533.74406pt x 714.41907pt>
File: figuras/Fig_3_20.png Graphic file (type png)
<use figuras/Fig_3_20.png>
Package pdftex.def Info: figuras/Fig_3_20.png  used on input line 996.
(pdftex.def)             Requested size: 154.03183pt x 206.17331pt.

Overfull \vbox (2.39871pt too high) detected at line 996
 []

[59

 <./figuras/Fig_3_20.png>]

Package hyperref Warning: Option `pdfauthor' has already been used,
(hyperref)                setting the option has no effect on input line 1003.

[60

] [61

] [62

]

LaTeX Warning: Reference `eq:Tr_continuo' on page 63 undefined on input line 10
39.

[63

] [64

] [65

]

LaTeX Warning: Reference `eq:Tr_discreta' on page 66 undefined on input line 11
04.

[66

]

LaTeX Warning: Reference `eq:Tr_discreta' on page 67 undefined on input line 11
04.

[67

]

LaTeX Warning: Reference `eq:Tr_discreta' on page 68 undefined on input line 11
04.

[68

] [69

] [70

] [71

]

Package hyperref Warning: Option `pdfauthor' has already been used,
(hyperref)                setting the option has no effect on input line 1152.

[72

] [73

] [74

] [75

] [76

] [77

] [78

] [79

]
Overfull \vbox (27.38788pt too high) detected at line 1398
 []

[80

] [81

] [82

]

Package hyperref Warning: Option `pdfauthor' has already been used,
(hyperref)                setting the option has no effect on input line 1434.

[83

] [84

] [85

]
<figuras/Fig_3_23.png, id=3577, 775.39688pt x 429.85594pt>
File: figuras/Fig_3_23.png Graphic file (type png)
<use figuras/Fig_3_23.png>
Package pdftex.def Info: figuras/Fig_3_23.png  used on input line 1488.
(pdftex.def)             Requested size: 307.95258pt x 170.71935pt.
 [86

 <./figuras/Fig_3_23.png>]
<figuras/Fig_3_24.png, id=3606, 667.74469pt x 607.51968pt>
File: figuras/Fig_3_24.png Graphic file (type png)
<use figuras/Fig_3_24.png>
Package pdftex.def Info: figuras/Fig_3_24.png  used on input line 1499.
(pdftex.def)             Requested size: 136.91603pt x 124.56087pt.

Overfull \vbox (0.82887pt too high) detected at line 1499
 []

[87

 <./figuras/Fig_3_24.png>] [88

]
<figuras/Fig_3_25.png, id=3698, 420.06938pt x 577.40718pt>
File: figuras/Fig_3_25.png Graphic file (type png)
<use figuras/Fig_3_25.png>
Package pdftex.def Info: figuras/Fig_3_25.png  used on input line 1536.
(pdftex.def)             Requested size: 119.80283pt x 164.67729pt.

Overfull \vbox (0.21814pt too high) detected at line 1536
 []

[89

 <./figuras/Fig_3_25.png>] [90

] [91

] [92

] [93

]
\openout4 = `Presentacion_Capitulo_3.vrb'.

 (Presentacion_Capitulo_3.vrb) [94

]

Package hyperref Warning: Option `pdfauthor' has already been used,
(hyperref)                setting the option has no effect on input line 1582.

[95

] [96

]
Overfull \vbox (8.37822pt too high) detected at line 1629
 []

[97

]
<figuras/Fig_3_26.png, id=4120, 953.06062pt x 316.18124pt>
File: figuras/Fig_3_26.png Graphic file (type png)
<use figuras/Fig_3_26.png>
Package pdftex.def Info: figuras/Fig_3_26.png  used on input line 1643.
(pdftex.def)             Requested size: 273.83728pt x 90.84592pt.
 [98

 <./figuras/Fig_3_26.png>] [99

] [100

] [101

]
\openout4 = `Presentacion_Capitulo_3.vrb'.


(Presentacion_Capitulo_3.vrb) [102

]
\openout4 = `Presentacion_Capitulo_3.vrb'.

 (Presentacion_Capitulo_3.vrb) [103

]
\openout4 = `Presentacion_Capitulo_3.vrb'.


(Presentacion_Capitulo_3.vrb) [104

]
\openout4 = `Presentacion_Capitulo_3.vrb'.

 (Presentacion_Capitulo_3.vrb) [105

]
\openout4 = `Presentacion_Capitulo_3.vrb'.


(Presentacion_Capitulo_3.vrb) [106

]
\openout4 = `Presentacion_Capitulo_3.vrb'.

 (Presentacion_Capitulo_3.vrb) [107

]
\openout4 = `Presentacion_Capitulo_3.vrb'.


(Presentacion_Capitulo_3.vrb) [108

]
\openout4 = `Presentacion_Capitulo_3.vrb'.

 (Presentacion_Capitulo_3.vrb) [109

]
\openout4 = `Presentacion_Capitulo_3.vrb'.


(Presentacion_Capitulo_3.vrb) [110

]
\openout4 = `Presentacion_Capitulo_3.vrb'.

 (Presentacion_Capitulo_3.vrb) [111

]
\openout4 = `Presentacion_Capitulo_3.vrb'.


(Presentacion_Capitulo_3.vrb) [112

]
\openout4 = `Presentacion_Capitulo_3.vrb'.

 (Presentacion_Capitulo_3.vrb) [113

]
\tf@nav=\write6
\openout6 = `Presentacion_Capitulo_3.nav'.

\tf@toc=\write7
\openout7 = `Presentacion_Capitulo_3.toc'.

\tf@snm=\write8
\openout8 = `Presentacion_Capitulo_3.snm'.


(Presentacion_Capitulo_3.aux
LaTeX Info: Redefining \. on input line 14.
LaTeX Info: Redefining \% on input line 14.
)
 ***********
LaTeX2e <2023-11-01> patch level 1
L3 programming layer <2024-01-04>
 ***********


LaTeX Warning: There were undefined references.

Package rerunfilecheck Info: File `Presentacion_Capitulo_3.out' has not changed
.
(rerunfilecheck)             Checksum: 1042057A574C8A4DF57DE2626CCAFF0B;3975.
 ) 
Here is how much of TeX's memory you used:
 47204 strings out of 474486
 1118816 string characters out of 5753570
 1978542 words of memory out of 5000000
 68404 multiletter control sequences out of 15000+600000
 583783 words of font info for 105 fonts, out of 8000000 for 9000
 1141 hyphenation exceptions out of 8191
 128i,16n,123p,746b,2478s stack positions out of 10000i,1000n,20000p,200000b,200000s

pdfTeX warning (dest): name{eq:Tr_discreta} has been referenced but does not ex
ist, replaced by a fixed one


pdfTeX warning (dest): name{eq:Tr_continuo} has been referenced but does not ex
ist, replaced by a fixed one

 <C:\Users\alfaa\AppData\Local\MiKTeX\fonts/pk/ljfour/jknappen/ec/dpi600\ecss05
00.pk> <C:\Users\alfaa\AppData\Local\MiKTeX\fonts/pk/ljfour/jknappen/ec/dpi600\
ecsx0600.pk> <C:\Users\alfaa\AppData\Local\MiKTeX\fonts/pk/ljfour/jknappen/ec/d
pi600\ecsi0900.pk> <C:\Users\alfaa\AppData\Local\MiKTeX\fonts/pk/ljfour/jknappe
n/ec/dpi600\ecsx0900.pk> <C:\Users\alfaa\AppData\Local\MiKTeX\fonts/pk/ljfour/j
knappen/ec/dpi600\ecss0900.pk> <C:\Users\alfaa\AppData\Local\MiKTeX\fonts/pk/lj
four/jknappen/ec/dpi600\ecsx1095.pk> <C:\Users\alfaa\AppData\Local\MiKTeX\fonts
/pk/ljfour/jknappen/ec/dpi600\ecsx1000.pk> <C:\Users\alfaa\AppData\Local\MiKTeX
\fonts/pk/ljfour/jknappen/ec/dpi600\ecsi1095.pk> <C:\Users\alfaa\AppData\Local\
MiKTeX\fonts/pk/ljfour/jknappen/ec/dpi600\ecss1200.pk> <C:\Users\alfaa\AppData\
Local\MiKTeX\fonts/pk/ljfour/jknappen/ec/dpi600\ecss0600.pk> <C:\Users\alfaa\Ap
pData\Local\MiKTeX\fonts/pk/ljfour/jknappen/ec/dpi600\ecss0800.pk> <C:\Users\al
faa\AppData\Local\MiKTeX\fonts/pk/ljfour/jknappen/ec/dpi600\ecss1000.pk> <C:\Us
ers\alfaa\AppData\Local\MiKTeX\fonts/pk/ljfour/jknappen/ec/dpi600\ecss1095.pk> 
<C:\Users\alfaa\AppData\Local\MiKTeX\fonts/pk/ljfour/jknappen/ec/dpi600\ecss144
0.pk><C:/Program Files/MiKTeX/fonts/type1/public/amsfonts/cm/cmbx9.pfb><C:/Prog
ram Files/MiKTeX/fonts/type1/public/amsfonts/cm/cmex10.pfb><C:/Program Files/Mi
KTeX/fonts/type1/public/amsfonts/cmextra/cmex7.pfb><C:/Program Files/MiKTeX/fon
ts/type1/public/amsfonts/cmextra/cmex9.pfb><C:/Program Files/MiKTeX/fonts/type1
/public/amsfonts/cm/cmmi10.pfb><C:/Program Files/MiKTeX/fonts/type1/public/amsf
onts/cm/cmmi12.pfb><C:/Program Files/MiKTeX/fonts/type1/public/amsfonts/cm/cmmi
5.pfb><C:/Program Files/MiKTeX/fonts/type1/public/amsfonts/cm/cmmi6.pfb><C:/Pro
gram Files/MiKTeX/fonts/type1/public/amsfonts/cm/cmmi7.pfb><C:/Program Files/Mi
KTeX/fonts/type1/public/amsfonts/cm/cmmi8.pfb><C:/Program Files/MiKTeX/fonts/ty
pe1/public/amsfonts/cm/cmmi9.pfb><C:/Program Files/MiKTeX/fonts/type1/public/am
sfonts/cm/cmr10.pfb><C:/Program Files/MiKTeX/fonts/type1/public/amsfonts/cm/cmr
12.pfb><C:/Program Files/MiKTeX/fonts/type1/public/amsfonts/cm/cmr5.pfb><C:/Pro
gram Files/MiKTeX/fonts/type1/public/amsfonts/cm/cmr6.pfb><C:/Program Files/MiK
TeX/fonts/type1/public/amsfonts/cm/cmr7.pfb><C:/Program Files/MiKTeX/fonts/type
1/public/amsfonts/cm/cmr8.pfb><C:/Program Files/MiKTeX/fonts/type1/public/amsfo
nts/cm/cmr9.pfb><C:/Program Files/MiKTeX/fonts/type1/public/amsfonts/cm/cmsy10.
pfb><C:/Program Files/MiKTeX/fonts/type1/public/amsfonts/cm/cmsy6.pfb><C:/Progr
am Files/MiKTeX/fonts/type1/public/amsfonts/cm/cmsy7.pfb><C:/Program Files/MiKT
eX/fonts/type1/public/amsfonts/cm/cmsy8.pfb><C:/Program Files/MiKTeX/fonts/type
1/public/amsfonts/cm/cmsy9.pfb>
Output written on Presentacion_Capitulo_3.pdf (113 pages, 6693494 bytes).
PDF statistics:
 5542 PDF objects out of 6186 (max. 8388607)
 259 named destinations out of 1000 (max. 500000)
 4373 words of extra memory for PDF output out of 10000 (max. 10000000)

